This is pdfTeXk, Version 3.141592-1.40.3 (Web2C 7.5.6) (format=pdflatex 2012.8.27)  25 OCT 2012 18:22
entering extended mode
 %&-line parsing enabled.
**html/lab3.tex
(./html/lab3.tex
LaTeX2e <2005/12/01>
Babel <v3.8h> and hyphenation patterns for english, usenglishmax, dumylang, noh
yphenation, arabic, basque, bulgarian, coptic, welsh, czech, slovak, german, ng
erman, danish, esperanto, spanish, catalan, galician, estonian, farsi, finnish,
 french, greek, monogreek, ancientgreek, croatian, hungarian, interlingua, ibyc
us, indonesian, icelandic, italian, latin, mongolian, dutch, norsk, polish, por
tuguese, pinyin, romanian, russian, slovenian, uppersorbian, serbian, swedish, 
turkish, ukenglish, ukrainian, loaded.
(/usr/share/texmf/tex/latex/base/article.cls
Document Class: article 2005/09/16 v1.4f Standard LaTeX document class
(/usr/share/texmf/tex/latex/base/size10.clo
File: size10.clo 2005/09/16 v1.4f Standard LaTeX file (size option)
)
\c@part=\count79
\c@section=\count80
\c@subsection=\count81
\c@subsubsection=\count82
\c@paragraph=\count83
\c@subparagraph=\count84
\c@figure=\count85
\c@table=\count86
\abovecaptionskip=\skip41
\belowcaptionskip=\skip42
\bibindent=\dimen102
)
(/usr/share/texmf/tex/latex/graphics/graphicx.sty
Package: graphicx 1999/02/16 v1.0f Enhanced LaTeX Graphics (DPC,SPQR)

(/usr/share/texmf/tex/latex/graphics/keyval.sty
Package: keyval 1999/03/16 v1.13 key=value parser (DPC)
\KV@toks@=\toks14
)
(/usr/share/texmf/tex/latex/graphics/graphics.sty
Package: graphics 2006/02/20 v1.0o Standard LaTeX Graphics (DPC,SPQR)

(/usr/share/texmf/tex/latex/graphics/trig.sty
Package: trig 1999/03/16 v1.09 sin cos tan (DPC)
)
(/usr/share/texmf/tex/latex/config/graphics.cfg
File: graphics.cfg 2007/01/18 v1.5 graphics configuration of teTeX/TeXLive
)
Package graphics Info: Driver file: pdftex.def on input line 90.

(/usr/share/texmf/tex/latex/pdftex-def/pdftex.def
File: pdftex.def 2007/01/08 v0.04d Graphics/color for pdfTeX
\Gread@gobject=\count87
))
\Gin@req@height=\dimen103
\Gin@req@width=\dimen104
)
(/usr/share/texmf/tex/latex/graphics/color.sty
Package: color 2005/11/14 v1.0j Standard LaTeX Color (DPC)

(/usr/share/texmf/tex/latex/config/color.cfg
File: color.cfg 2007/01/18 v1.5 color configuration of teTeX/TeXLive
)
Package color Info: Driver file: pdftex.def on input line 130.
)
No file lab3.aux.
\openout1 = `lab3.aux'.

LaTeX Font Info:    Checking defaults for OML/cmm/m/it on input line 13.
LaTeX Font Info:    ... okay on input line 13.
LaTeX Font Info:    Checking defaults for T1/cmr/m/n on input line 13.
LaTeX Font Info:    ... okay on input line 13.
LaTeX Font Info:    Checking defaults for OT1/cmr/m/n on input line 13.
LaTeX Font Info:    ... okay on input line 13.
LaTeX Font Info:    Checking defaults for OMS/cmsy/m/n on input line 13.
LaTeX Font Info:    ... okay on input line 13.
LaTeX Font Info:    Checking defaults for OMX/cmex/m/n on input line 13.
LaTeX Font Info:    ... okay on input line 13.
LaTeX Font Info:    Checking defaults for U/cmr/m/n on input line 13.
LaTeX Font Info:    ... okay on input line 13.
LaTeX Font Info:    Try loading font information for OMS+cmr on input line 21.
(/usr/share/texmf/tex/latex/base/omscmr.fd
File: omscmr.fd 1999/05/25 v2.5h Standard LaTeX font definitions
)
LaTeX Font Info:    Font shape `OMS/cmr/m/n' in size <10> not available
(Font)              Font shape `OMS/cmsy/m/n' tried instead on input line 21.

Overfull \hbox (69.74638pt too wide) in paragraph at lines 59--59
[]\OT1/cmtt/m/n/10 disp(sprintf('Initial Interval \t Approximation \t \t Error 
\t\t Iterations'));[] 
 []


Overfull \hbox (38.24666pt too wide) in paragraph at lines 59--59
[]\OT1/cmtt/m/n/10 disp(sprintf('%g to %g \t\t\t %0.10f \t\t %0.10f\t %g', x0, 
x1, root, ...[] 
 []


Overfull \hbox (27.74675pt too wide) in paragraph at lines 59--59
[]\OT1/cmtt/m/n/10 disp(sprintf('%g to %g \t\t %0.10f \t\t %0.10f\t %g', x0, x1
, root, ...[] 
 []


Overfull \hbox (22.4968pt too wide) in paragraph at lines 59--59
[]\OT1/cmtt/m/n/10 disp(sprintf('%g to %g \t\t %0.10f \t\t %0.10f\t %g', x0, x1
, root,...[] 
 []

[1

{/var/lib/texmf/fonts/map/pdftex/updmap/pdftex.map}]
Overfull \hbox (38.24666pt too wide) in paragraph at lines 83--83
[]\OT1/cmtt/m/n/10 disp(sprintf('%g to %g \t\t\t %0.10f \t\t %0.10f\t %g', x0, 
x1, root, ...[] 
 []


Overfull \hbox (179.99542pt too wide) in paragraph at lines 83--83
[]\OT1/cmtt/m/n/10 disp(sprintf('%g to %g \t\t %0.10f \t\t %0.10f\t %g', x0, x1
, root, lib.the_root - root, it_count));[] 
 []


Overfull \hbox (53.99652pt too wide) in paragraph at lines 129--129
[]\OT1/cmtt/m/n/10 disp(sprintf('Initial Value \t Approximation \t \t Error \t\
t Iterations'));[] 
 []


Overfull \hbox (11.99689pt too wide) in paragraph at lines 129--129
[]\OT1/cmtt/m/n/10 [it_count, root, xn] = newton(lib.f, lib.fp, x0, lib.accurac
y, 100);[] 
 []


Overfull \hbox (132.74583pt too wide) in paragraph at lines 129--129
[]\OT1/cmtt/m/n/10 disp(sprintf('%g \t\t %0.10f \t\t %0.10f\t\t %g', x0,root, l
ib.the_root - root, it_count));[] 
 []


Overfull \hbox (11.99689pt too wide) in paragraph at lines 129--129
[]\OT1/cmtt/m/n/10 [it_count, root, xn] = newton(lib.f, lib.fp, x0, lib.accurac
y, 100);[] 
 []


Overfull \hbox (132.74583pt too wide) in paragraph at lines 129--129
[]\OT1/cmtt/m/n/10 disp(sprintf('%g \t\t %0.10f \t\t %0.10f\t\t %g', x0,root, l
ib.the_root - root, it_count));[] 
 []


Overfull \hbox (11.99689pt too wide) in paragraph at lines 129--129
[]\OT1/cmtt/m/n/10 [it_count, root, xn] = newton(lib.f, lib.fp, x0, lib.accurac
y, 100);[] 
 []


Overfull \hbox (132.74583pt too wide) in paragraph at lines 129--129
[]\OT1/cmtt/m/n/10 disp(sprintf('%g \t\t %0.10f \t\t %0.10f\t\t %g', x0,root, l
ib.the_root - root, it_count));[] 
 []


Overfull \hbox (11.99689pt too wide) in paragraph at lines 129--129
[]\OT1/cmtt/m/n/10 [it_count, root, xn] = newton(lib.f, lib.fp, x0, lib.accurac
y, 100);[] 
 []


Overfull \hbox (132.74583pt too wide) in paragraph at lines 129--129
[]\OT1/cmtt/m/n/10 disp(sprintf('%g \t\t %0.10f \t\t %0.10f\t\t %g', x0,root, l
ib.the_root - root, it_count));[] 
 []


Overfull \hbox (11.99689pt too wide) in paragraph at lines 129--129
[]\OT1/cmtt/m/n/10 [it_count, root, xn] = newton(lib.f, lib.fp, x0, lib.accurac
y, 100);[] 
 []


Overfull \hbox (132.74583pt too wide) in paragraph at lines 129--129
[]\OT1/cmtt/m/n/10 disp(sprintf('%g \t\t %0.10f \t\t %0.10f\t\t %g', x0,root, l
ib.the_root - root, it_count));[] 
 []

[2]
Overfull \hbox (11.99689pt too wide) in paragraph at lines 129--129
[]\OT1/cmtt/m/n/10 [it_count, root, xn] = newton(lib.f, lib.fp, x0, lib.accurac
y, 100);[] 
 []


Overfull \hbox (132.74583pt too wide) in paragraph at lines 129--129
[]\OT1/cmtt/m/n/10 disp(sprintf('%g \t\t %0.10f \t\t %0.10f\t\t %g', x0,root, l
ib.the_root - root, it_count));[] 
 []


Overfull \hbox (11.99689pt too wide) in paragraph at lines 129--129
[]\OT1/cmtt/m/n/10 [it_count, root, xn] = newton(lib.f, lib.fp, x0, lib.accurac
y, 100);[] 
 []


Overfull \hbox (132.74583pt too wide) in paragraph at lines 129--129
[]\OT1/cmtt/m/n/10 disp(sprintf('%g \t\t %0.10f \t\t %0.10f\t\t %g', x0,root, l
ib.the_root - root, it_count));[] 
 []

LaTeX Font Info:    External font `cmex10' loaded for size
(Font)              <7> on input line 150.
LaTeX Font Info:    External font `cmex10' loaded for size
(Font)              <5> on input line 150.

Overfull \hbox (69.74638pt too wide) in paragraph at lines 174--174
[]\OT1/cmtt/m/n/10 disp(sprintf('Initial Interval \t Approximation \t \t Error 
\t\t Iterations'));[] 
 []


Overfull \hbox (190.49533pt too wide) in paragraph at lines 174--174
[]\OT1/cmtt/m/n/10 disp(sprintf('%g to %g \t\t\t %0.10f \t\t %0.10f\t %g', x0, 
x1, root, lib.the_root - root, it_count));[] 
 []

[3]
Overfull \hbox (179.99542pt too wide) in paragraph at lines 174--174
[]\OT1/cmtt/m/n/10 disp(sprintf('%g to %g \t\t %0.10f \t\t %0.10f\t %g', x0, x1
, root, lib.the_root - root, it_count));[] 
 []


Overfull \hbox (179.99542pt too wide) in paragraph at lines 174--174
[]\OT1/cmtt/m/n/10 disp(sprintf('%g to %g \t\t %0.10f \t\t %0.10f\t %g', x0, x1
, root, lib.the_root - root, it_count));[] 
 []

[4] (./lab3.aux) ) 
Here is how much of TeX's memory you used:
 625 strings out of 256216
 7471 string characters out of 1917072
 58908 words of memory out of 1500000
 3964 multiletter control sequences out of 10000+200000
 4413 words of font info for 17 fonts, out of 1200000 for 2000
 645 hyphenation exceptions out of 8191
 25i,5n,19p,374b,247s stack positions out of 5000i,500n,6000p,200000b,15000s
</usr/share/texmf/fonts/type1/bluesky/cm/cmbx12.pfb></usr/sha
re/texmf/fonts/type1/bluesky/cm/cmmi10.pfb></usr/share/texmf/fonts/type1/bluesk
y/cm/cmr10.pfb></usr/share/texmf/fonts/type1/bluesky/cm/cmsy10.pfb></usr/share/
texmf/fonts/type1/bluesky/cm/cmtt10.pfb>
Output written on lab3.pdf (4 pages, 38661 bytes).
PDF statistics:
 35 PDF objects out of 1000 (max. 8388607)
 0 named destinations out of 1000 (max. 131072)
 1 words of extra memory for PDF output out of 10000 (max. 10000000)

