#
# A fatal error has been detected by the Java Runtime Environment:
#
# java.lang.OutOfMemoryError: Cannot create GC thread. Out of system resources.
#
#  Internal Error (gcTaskThread.cpp:38), pid=15073, tid=139633967408896
#  Error: Cannot create GC thread. Out of system resources.
#
# JRE version: 6.0_17-b04
# Java VM: Java HotSpot(TM) 64-Bit Server VM (14.3-b01 mixed mode linux-amd64 )
# If you would like to submit a bug report, please visit:
#   http://java.sun.com/webapps/bugreport/crash.jsp
#

---------------  T H R E A D  ---------------

Current thread (0x00007eff04440000):  JavaThread "Unknown thread" [_thread_in_vm, id=15150, stack(0x00007eff1066a000,0x00007eff1106b000)]

Stack: [0x00007eff1066a000,0x00007eff1106b000],  sp=0x00007eff11068be0,  free space=10234k
Native frames: (J=compiled Java code, j=interpreted, Vv=VM code, C=native code)
V  [libjvm.so+0x6bd1ef]
V  [libjvm.so+0x2be6c8]
V  [libjvm.so+0x33a2fd]
V  [libjvm.so+0x338e3e]
V  [libjvm.so+0x338bd3]
V  [libjvm.so+0x5a87c7]
V  [libjvm.so+0x697695]
V  [libjvm.so+0x69732a]
V  [libjvm.so+0x377cd0]
V  [libjvm.so+0x67f5af]
V  [libjvm.so+0x3def30]
C  [libmwjmi.so+0x41663]  _Z9InitSunVMN5boost8optionalIKSt6vectorISsSaISsEEEE+0x993
C  [libmwjmi.so+0x421af]
C  [libmwjmi.so+0x422cb]
C  [libmwjmi.so+0x2eddd]  _Z7mljInitv+0x1d
C  [libmwmcr.so+0x4184a]
C  [libmwmcr.so+0x32962]
C  [libmwmcr.so+0x32b1a]


---------------  P R O C E S S  ---------------

Java Threads: ( => current thread )

Other Threads:

=>0x00007eff04440000 (exited) JavaThread "Unknown thread" [_thread_in_vm, id=15150, stack(0x00007eff1066a000,0x00007eff1106b000)]

VM state:not at safepoint (not fully initialized)

VM Mutex/Monitor currently owned by a thread: None

Dynamic libraries:
00400000-00404000 r-xp 00000000 00:21 621917                             /nfs/stak/a1/rhel5apps/matlab2011b/bin/glnxa64/MATLAB
00603000-00604000 rw-p 00003000 00:21 621917                             /nfs/stak/a1/rhel5apps/matlab2011b/bin/glnxa64/MATLAB
01d1b000-01e65000 rw-p 00000000 00:00 0                                  [heap]
3970a00000-3970a20000 r-xp 00000000 fd:00 133081                         /lib64/ld-2.12.so
3970c1f000-3970c20000 r--p 0001f000 fd:00 133081                         /lib64/ld-2.12.so
3970c20000-3970c21000 rw-p 00020000 fd:00 133081                         /lib64/ld-2.12.so
3970c21000-3970c22000 rw-p 00000000 00:00 0 
3970e00000-3970f89000 r-xp 00000000 fd:00 138188                         /lib64/libc-2.12.so
3970f89000-3971189000 ---p 00189000 fd:00 138188                         /lib64/libc-2.12.so
3971189000-397118d000 r--p 00189000 fd:00 138188                         /lib64/libc-2.12.so
397118d000-397118e000 rw-p 0018d000 fd:00 138188                         /lib64/libc-2.12.so
397118e000-3971193000 rw-p 00000000 00:00 0 
3971200000-3971283000 r-xp 00000000 fd:00 138189                         /lib64/libm-2.12.so
3971283000-3971482000 ---p 00083000 fd:00 138189                         /lib64/libm-2.12.so
3971482000-3971483000 r--p 00082000 fd:00 138189                         /lib64/libm-2.12.so
3971483000-3971484000 rw-p 00083000 fd:00 138189                         /lib64/libm-2.12.so
3971600000-3971602000 r-xp 00000000 fd:00 138193                         /lib64/libdl-2.12.so
3971602000-3971802000 ---p 00002000 fd:00 138193                         /lib64/libdl-2.12.so
3971802000-3971803000 r--p 00002000 fd:00 138193                         /lib64/libdl-2.12.so
3971803000-3971804000 rw-p 00003000 fd:00 138193                         /lib64/libdl-2.12.so
3971a00000-3971a17000 r-xp 00000000 fd:00 138192                         /lib64/libpthread-2.12.so
3971a17000-3971c17000 ---p 00017000 fd:00 138192                         /lib64/libpthread-2.12.so
3971c17000-3971c18000 r--p 00017000 fd:00 138192                         /lib64/libpthread-2.12.so
3971c18000-3971c19000 rw-p 00018000 fd:00 138192                         /lib64/libpthread-2.12.so
3971c19000-3971c1d000 rw-p 00000000 00:00 0 
3971e00000-3971e15000 r-xp 00000000 fd:00 138190                         /lib64/libz.so.1.2.3
3971e15000-3972014000 ---p 00015000 fd:00 138190                         /lib64/libz.so.1.2.3
3972014000-3972015000 r--p 00014000 fd:00 138190                         /lib64/libz.so.1.2.3
3972015000-3972016000 rw-p 00015000 fd:00 138190                         /lib64/libz.so.1.2.3
3972200000-3972207000 r-xp 00000000 fd:00 138156                         /lib64/librt-2.12.so
3972207000-3972406000 ---p 00007000 fd:00 138156                         /lib64/librt-2.12.so
3972406000-3972407000 r--p 00006000 fd:00 138156                         /lib64/librt-2.12.so
3972407000-3972408000 rw-p 00007000 fd:00 138156                         /lib64/librt-2.12.so
3972e00000-3972e16000 r-xp 00000000 fd:00 138197                         /lib64/libresolv-2.12.so
3972e16000-3973016000 ---p 00016000 fd:00 138197                         /lib64/libresolv-2.12.so
3973016000-3973017000 r--p 00016000 fd:00 138197                         /lib64/libresolv-2.12.so
3973017000-3973018000 rw-p 00017000 fd:00 138197                         /lib64/libresolv-2.12.so
3973018000-397301a000 rw-p 00000000 00:00 0 
3973200000-3973339000 r-xp 00000000 fd:03 417359                         /usr/lib64/libX11.so.6.3.0
3973339000-3973539000 ---p 00139000 fd:03 417359                         /usr/lib64/libX11.so.6.3.0
3973539000-397353f000 rw-p 00139000 fd:03 417359                         /usr/lib64/libX11.so.6.3.0
3973600000-397361b000 r-xp 00000000 fd:03 417358                         /usr/lib64/libxcb.so.1.1.0
397361b000-397381a000 ---p 0001b000 fd:03 417358                         /usr/lib64/libxcb.so.1.1.0
397381a000-397381b000 rw-p 0001a000 fd:03 417358                         /usr/lib64/libxcb.so.1.1.0
3973a00000-3973a02000 r-xp 00000000 fd:03 393843                         /usr/lib64/libXau.so.6.0.0
3973a02000-3973c02000 ---p 00002000 fd:03 393843                         /usr/lib64/libXau.so.6.0.0
3973c02000-3973c03000 rw-p 00002000 fd:03 393843                         /usr/lib64/libXau.so.6.0.0
3974200000-3974211000 r-xp 00000000 fd:03 417360                         /usr/lib64/libXext.so.6.4.0
3974211000-3974411000 ---p 00011000 fd:03 417360                         /usr/lib64/libXext.so.6.4.0
3974411000-3974412000 rw-p 00011000 fd:03 417360                         /usr/lib64/libXext.so.6.4.0
3977200000-3977218000 r-xp 00000000 fd:03 417364                         /usr/lib64/libXmu.so.6.2.0
3977218000-3977418000 ---p 00018000 fd:03 417364                         /usr/lib64/libXmu.so.6.2.0
3977418000-397741a000 rw-p 00018000 fd:03 417364                         /usr/lib64/libXmu.so.6.2.0
3977e00000-3977e04000 r-xp 00000000 fd:00 132891                         /lib64/libuuid.so.1.3.0
3977e04000-3978003000 ---p 00004000 fd:00 132891                         /lib64/libuuid.so.1.3.0
3978003000-3978004000 rw-p 00003000 fd:00 132891                         /lib64/libuuid.so.1.3.0
3979200000-3979207000 r-xp 00000000 fd:03 417362                         /usr/lib64/libSM.so.6.0.0
3979207000-3979407000 ---p 00007000 fd:03 417362                         /usr/lib64/libSM.so.6.0.0
3979407000-3979408000 rw-p 00007000 fd:03 417362                         /usr/lib64/libSM.so.6.0.0
3979600000-3979617000 r-xp 00000000 fd:03 417361                         /usr/lib64/libICE.so.6.3.0
3979617000-3979817000 ---p 00017000 fd:03 417361                         /usr/lib64/libICE.so.6.3.0
3979817000-3979818000 rw-p 00017000 fd:03 417361                         /usr/lib64/libICE.so.6.3.0
3979818000-397981c000 rw-p 00000000 00:00 0 
397fa00000-397fa1d000 r-xp 00000000 fd:00 138194                         /lib64/libtinfo.so.5.7
397fa1d000-397fc1d000 ---p 0001d000 fd:00 138194                         /lib64/libtinfo.so.5.7
397fc1d000-397fc21000 rw-p 0001d000 fd:00 138194                         /lib64/libtinfo.so.5.7
3980200000-398025d000 r-xp 00000000 fd:00 138206                         /lib64/libfreebl3.so
398025d000-398045c000 ---p 0005d000 fd:00 138206                         /lib64/libfreebl3.so
398045c000-398045d000 r--p 0005c000 fd:00 138206                         /lib64/libfreebl3.so
398045d000-398045e000 rw-p 0005d000 fd:00 138206                         /lib64/libfreebl3.so
398045e000-3980462000 rw-p 00000000 00:00 0 
3980a00000-3980a07000 r-xp 00000000 fd:00 138207                         /lib64/libcrypt-2.12.so
3980a07000-3980c07000 ---p 00007000 fd:00 138207                         /lib64/libcrypt-2.12.so
3980c07000-3980c08000 r--p 00007000 fd:00 138207                         /lib64/libcrypt-2.12.so
3980c08000-3980c09000 rw-p 00008000 fd:00 138207                         /lib64/libcrypt-2.12.so
3980c09000-3980c37000 rw-p 00000000 00:00 0 
3980e00000-3980e22000 r-xp 00000000 fd:00 138215                         /lib64/libncurses.so.5.7
3980e22000-3981021000 ---p 00022000 fd:00 138215                         /lib64/libncurses.so.5.7
3981021000-3981022000 rw-p 00021000 fd:00 138215                         /lib64/libncurses.so.5.7
3981400000-3981416000 r-xp 00000000 fd:00 138234                         /lib64/libnsl-2.12.so
3981416000-3981615000 ---p 00016000 fd:00 138234                         /lib64/libnsl-2.12.so
3981615000-3981616000 r--p 00015000 fd:00 138234                         /lib64/libnsl-2.12.so
3981616000-3981617000 rw-p 00016000 fd:00 138234                         /lib64/libnsl-2.12.so
3981617000-3981619000 rw-p 00000000 00:00 0 
3986200000-398625f000 r-xp 00000000 fd:03 417363                         /usr/lib64/libXt.so.6.0.0
398625f000-398645e000 ---p 0005f000 fd:03 417363                         /usr/lib64/libXt.so.6.0.0
398645e000-3986465000 rw-p 0005e000 fd:03 417363                         /usr/lib64/libXt.so.6.0.0
7efee3c00000-7efee50c0000 rwxp 00000000 00:00 0 
7efee50c0000-7efeebc00000 rwxp 00000000 00:00 0 
7efeebc00000-7efeeec00000 rwxp 00000000 00:00 0 
7efeeec00000-7efef4f00000 rwxp 00000000 00:00 0 
7efef4f00000-7efef5f00000 rwxp 00000000 00:00 0 
7efef5f00000-7efef8000000 rwxp 00000000 00:00 0 
7efef8000000-7efef8021000 rw-p 00000000 00:00 0 
7efef8021000-7efefc000000 ---p 00000000 00:00 0 
7efefd000000-7efefd270000 rwxp 00000000 00:00 0 
7efefd270000-7eff00000000 rwxp 00000000 00:00 0 
7eff00000000-7eff00021000 rw-p 00000000 00:00 0 
7eff00021000-7eff04000000 ---p 00000000 00:00 0 
7eff04000000-7eff044ef000 rw-p 00000000 00:00 0 
7eff044ef000-7eff08000000 ---p 00000000 00:00 0 
7eff0909f000-7eff090a0000 ---p 00000000 00:00 0 
7eff090a0000-7eff091ab000 rwxp 00000000 00:00 0 
7eff091ab000-7eff091e0000 rwxp 00000000 00:00 0 
7eff091e0000-7eff091f8000 rwxp 00000000 00:00 0 
7eff091f8000-7eff0922a000 rwxp 00000000 00:00 0 
7eff0922a000-7eff09235000 rwxp 00000000 00:00 0 
7eff09235000-7eff0926a000 rwxp 00000000 00:00 0 
7eff0926a000-7eff09282000 rwxp 00000000 00:00 0 
7eff09282000-7eff092b3000 rwxp 00000000 00:00 0 
7eff092b3000-7eff092bc000 rwxp 00000000 00:00 0 
7eff092bc000-7eff092cc000 rwxp 00000000 00:00 0 
7eff092cc000-7eff092d7000 rwxp 00000000 00:00 0 
7eff092d7000-7eff0938d000 rwxp 00000000 00:00 0 
7eff0938d000-7eff0939b000 r-xp 00000000 00:21 633932                     /nfs/stak/a1/rhel5apps/matlab2011b/sys/java/jre/glnxa64/jre/lib/amd64/libzip.so
7eff0939b000-7eff0949d000 ---p 0000e000 00:21 633932                     /nfs/stak/a1/rhel5apps/matlab2011b/sys/java/jre/glnxa64/jre/lib/amd64/libzip.so
7eff0949d000-7eff094a0000 rw-p 00010000 00:21 633932                     /nfs/stak/a1/rhel5apps/matlab2011b/sys/java/jre/glnxa64/jre/lib/amd64/libzip.so
7eff094a0000-7eff094a1000 rw-p 00000000 00:00 0 
7eff094a1000-7eff094a8000 r-xp 00000000 00:21 633936                     /nfs/stak/a1/rhel5apps/matlab2011b/sys/java/jre/glnxa64/jre/lib/amd64/native_threads/libhpi.so
7eff094a8000-7eff095a9000 ---p 00007000 00:21 633936                     /nfs/stak/a1/rhel5apps/matlab2011b/sys/java/jre/glnxa64/jre/lib/amd64/native_threads/libhpi.so
7eff095a9000-7eff095ab000 rw-p 00008000 00:21 633936                     /nfs/stak/a1/rhel5apps/matlab2011b/sys/java/jre/glnxa64/jre/lib/amd64/native_threads/libhpi.so
7eff095ab000-7eff095ac000 rw-p 00000000 00:00 0 
7eff095ac000-7eff095b9000 r-xp 00000000 00:21 633931                     /nfs/stak/a1/rhel5apps/matlab2011b/sys/java/jre/glnxa64/jre/lib/amd64/libverify.so
7eff095b9000-7eff096b8000 ---p 0000d000 00:21 633931                     /nfs/stak/a1/rhel5apps/matlab2011b/sys/java/jre/glnxa64/jre/lib/amd64/libverify.so
7eff096b8000-7eff096bb000 rw-p 0000c000 00:21 633931                     /nfs/stak/a1/rhel5apps/matlab2011b/sys/java/jre/glnxa64/jre/lib/amd64/libverify.so
7eff096bb000-7eff09e19000 r-xp 00000000 00:21 633939                     /nfs/stak/a1/rhel5apps/matlab2011b/sys/java/jre/glnxa64/jre/lib/amd64/server/libjvm.so
7eff09e19000-7eff09f18000 ---p 0075e000 00:21 633939                     /nfs/stak/a1/rhel5apps/matlab2011b/sys/java/jre/glnxa64/jre/lib/amd64/server/libjvm.so
7eff09f18000-7eff0a090000 rw-p 0075d000 00:21 633939                     /nfs/stak/a1/rhel5apps/matlab2011b/sys/java/jre/glnxa64/jre/lib/amd64/server/libjvm.so
7eff0a090000-7eff0a0ce000 rw-p 00000000 00:00 0 
7eff0a0ce000-7eff0a0f7000 r-xp 00000000 00:21 633911                     /nfs/stak/a1/rhel5apps/matlab2011b/sys/java/jre/glnxa64/jre/lib/amd64/libjava.so
7eff0a0f7000-7eff0a1f6000 ---p 00029000 00:21 633911                     /nfs/stak/a1/rhel5apps/matlab2011b/sys/java/jre/glnxa64/jre/lib/amd64/libjava.so
7eff0a1f6000-7eff0a1fd000 rw-p 00028000 00:21 633911                     /nfs/stak/a1/rhel5apps/matlab2011b/sys/java/jre/glnxa64/jre/lib/amd64/libjava.so
7eff0a1fd000-7eff0a1fe000 ---p 00000000 00:00 0 
7eff0a1fe000-7eff0abfe000 rwxp 00000000 00:00 0 
7eff0abfe000-7eff0abff000 ---p 00000000 00:00 0 
7eff0abff000-7eff0b5ff000 rwxp 00000000 00:00 0 
7eff0b5ff000-7eff0b600000 ---p 00000000 00:00 0 
7eff0b600000-7eff0c000000 rwxp 00000000 00:00 0 
7eff0c000000-7eff0c021000 rw-p 00000000 00:00 0 
7eff0c021000-7eff10000000 ---p 00000000 00:00 0 
7eff10029000-7eff1002e000 r-xp 00000000 fd:00 133145                     /lib64/libnss_dns-2.12.so
7eff1002e000-7eff1022d000 ---p 00005000 fd:00 133145                     /lib64/libnss_dns-2.12.so
7eff1022d000-7eff1022e000 r--p 00004000 fd:00 133145                     /lib64/libnss_dns-2.12.so
7eff1022e000-7eff1022f000 rw-p 00005000 fd:00 133145                     /lib64/libnss_dns-2.12.so
7eff1022f000-7eff10235000 r-xp 00000000 fd:00 131130                     /lib64/libnss_sss.so.2
7eff10235000-7eff10434000 ---p 00006000 fd:00 131130                     /lib64/libnss_sss.so.2
7eff10434000-7eff10435000 rw-p 00005000 fd:00 131130                     /lib64/libnss_sss.so.2
7eff10435000-7eff10441000 r-xp 00000000 fd:00 135660                     /lib64/libnss_files-2.12.so
7eff10441000-7eff10641000 ---p 0000c000 fd:00 135660                     /lib64/libnss_files-2.12.so
7eff10641000-7eff10642000 r--p 0000c000 fd:00 135660                     /lib64/libnss_files-2.12.so
7eff10642000-7eff10643000 rw-p 0000d000 fd:00 135660                     /lib64/libnss_files-2.12.so
7eff10660000-7eff10668000 rw-s 00000000 fd:02 408                        /tmp/hsperfdata_uberj/15073
7eff10668000-7eff10669000 rw-p 00000000 00:00 0 
7eff10669000-7eff1066a000 r--p 00000000 00:00 0 
7eff1066a000-7eff1066d000 ---p 00000000 00:00 0 
7eff1066d000-7eff1106b000 rwxp 00000000 00:00 0 
7eff1106b000-7eff1116c000 rw-p 00000000 00:00 0 
7eff1116c000-7eff1116d000 ---p 00000000 00:00 0 
7eff1116d000-7eff1193d000 rwxp 00000000 00:00 0 
7eff1193d000-7eff1193f000 r-xp 00000000 00:21 622552                     /nfs/stak/a1/rhel5apps/matlab2011b/bin/glnxa64/mklcompat.so
7eff1193f000-7eff11b3e000 ---p 00002000 00:21 622552                     /nfs/stak/a1/rhel5apps/matlab2011b/bin/glnxa64/mklcompat.so
7eff11b3e000-7eff11b3f000 rw-p 00001000 00:21 622552                     /nfs/stak/a1/rhel5apps/matlab2011b/bin/glnxa64/mklcompat.so
7eff11b3f000-7eff11c0f000 r-xp 00000000 00:21 635111                     /nfs/stak/a1/rhel5apps/matlab2011b/sys/os/glnxa64/libiomp5.so
7eff11c0f000-7eff11d0e000 ---p 000d0000 00:21 635111                     /nfs/stak/a1/rhel5apps/matlab2011b/sys/os/glnxa64/libiomp5.so
7eff11d0e000-7eff11d17000 rw-p 000cf000 00:21 635111                     /nfs/stak/a1/rhel5apps/matlab2011b/sys/os/glnxa64/libiomp5.so
7eff11d17000-7eff11d1e000 rw-p 00000000 00:00 0 
7eff11d1e000-7eff13c30000 r-xp 00000000 00:21 622551                     /nfs/stak/a1/rhel5apps/matlab2011b/bin/glnxa64/mkl.so
7eff13c30000-7eff13e30000 ---p 01f12000 00:21 622551                     /nfs/stak/a1/rhel5apps/matlab2011b/bin/glnxa64/mkl.so
7eff13e30000-7eff13e74000 rw-p 01f12000 00:21 622551                     /nfs/stak/a1/rhel5apps/matlab2011b/bin/glnxa64/mkl.so
7eff13e74000-7eff13e79000 rw-p 00000000 00:00 0 
7eff13e79000-7eff19d0a000 r--p 00000000 fd:03 161262                     /usr/lib/locale/locale-archive
7eff19d0a000-7eff19d11000 rw-p 00000000 00:00 0 
7eff19d11000-7eff19d17000 r-xp 00000000 00:21 622090                     /nfs/stak/a1/rhel5apps/matlab2011b/bin/glnxa64/libmwcolamd.so
7eff19d17000-7eff19f16000 ---p 00006000 00:21 622090                     /nfs/stak/a1/rhel5apps/matlab2011b/bin/glnxa64/libmwcolamd.so
7eff19f16000-7eff19f17000 rw-p 00005000 00:21 622090                     /nfs/stak/a1/rhel5apps/matlab2011b/bin/glnxa64/libmwcolamd.so
7eff19f17000-7eff19f18000 rw-p 00000000 00:00 0 
7eff19f18000-7eff19f20000 r-xp 00000000 00:21 622063                     /nfs/stak/a1/rhel5apps/matlab2011b/bin/glnxa64/libmwamd.so
7eff19f20000-7eff1a11f000 ---p 00008000 00:21 622063                     /nfs/stak/a1/rhel5apps/matlab2011b/bin/glnxa64/libmwamd.so
7eff1a11f000-7eff1a120000 rw-p 00007000 00:21 622063                     /nfs/stak/a1/rhel5apps/matlab2011b/bin/glnxa64/libmwamd.so
7eff1a120000-7eff1a121000 rw-p 00000000 00:00 0 
7eff1a121000-7eff1a164000 r-xp 00000000 00:21 622087                     /nfs/stak/a1/rhel5apps/matlab2011b/bin/glnxa64/libmwcholmod.so
7eff1a164000-7eff1a364000 ---p 00043000 00:21 622087                     /nfs/stak/a1/rhel5apps/matlab2011b/bin/glnxa64/libmwcholmod.so
7eff1a364000-7eff1a365000 rw-p 00043000 00:21 622087                     /nfs/stak/a1/rhel5apps/matlab2011b/bin/glnxa64/libmwcholmod.so
7eff1a365000-7eff1a377000 r-xp 00000000 00:21 622070                     /nfs/stak/a1/rhel5apps/matlab2011b/bin/glnxa64/libmwblas.so
7eff1a377000-7eff1a576000 ---p 00012000 00:21 622070                     /nfs/stak/a1/rhel5apps/matlab2011b/bin/glnxa64/libmwblas.so
7eff1a576000-7eff1a578000 rw-p 00011000 00:21 622070                     /nfs/stak/a1/rhel5apps/matlab2011b/bin/glnxa64/libmwblas.so
7eff1a578000-7eff1a57a000 rw-p 00000000 00:00 0 
7eff1a57a000-7eff1a57e000 r-xp 00000000 00:21 622227                     /nfs/stak/a1/rhel5apps/matlab2011b/bin/glnxa64/libmwompwrapper.so
7eff1a57e000-7eff1a77d000 ---p 00004000 00:21 622227                     /nfs/stak/a1/rhel5apps/matlab2011b/bin/glnxa64/libmwompwrapper.so
7eff1a77d000-7eff1a77e000 rw-p 00003000 00:21 622227                     /nfs/stak/a1/rhel5apps/matlab2011b/bin/glnxa64/libmwompwrapper.so
7eff1a77e000-7eff1a787000 r-xp 00000000 00:21 622068                     /nfs/stak/a1/rhel5apps/matlab2011b/bin/glnxa64/libmwbinder.so
7eff1a787000-7eff1a986000 ---p 00009000 00:21 622068                     /nfs/stak/a1/rhel5apps/matlab2011b/bin/glnxa64/libmwbinder.so
7eff1a986000-7eff1a987000 rw-p 00008000 00:21 622068                     /nfs/stak/a1/rhel5apps/matlab2011b/bin/glnxa64/libmwbinder.so
7eff1a987000-7eff1a988000 rw-p 00000000 00:00 0 
7eff1a988000-7eff1aa4f000 r-xp 00000000 00:21 622183                     /nfs/stak/a1/rhel5apps/matlab2011b/bin/glnxa64/libmwmathcore.so
7eff1aa4f000-7eff1ac4f000 ---p 000c7000 00:21 622183                     /nfs/stak/a1/rhel5apps/matlab2011b/bin/glnxa64/libmwmathcore.so
7eff1ac4f000-7eff1ac53000 rw-p 000c7000 00:21 622183                     /nfs/stak/a1/rhel5apps/matlab2011b/bin/glnxa64/libmwmathcore.so
7eff1ac53000-7eff1ac55000 rw-p 00000000 00:00 0 
7eff1ac55000-7eff1aedf000 r-xp 00000000 00:21 621999                     /nfs/stak/a1/rhel5apps/matlab2011b/bin/glnxa64/libhdf5.so.6.0.5
7eff1aedf000-7eff1b0df000 ---p 0028a000 00:21 621999                     /nfs/stak/a1/rhel5apps/matlab2011b/bin/glnxa64/libhdf5.so.6.0.5
7eff1b0df000-7eff1b0ea000 rw-p 0028a000 00:21 621999                     /nfs/stak/a1/rhel5apps/matlab2011b/bin/glnxa64/libhdf5.so.6.0.5
7eff1b0ea000-7eff1b0eb000 rw-p 00000000 00:00 0 
7eff1b0eb000-7eff1b106000 r-xp 00000000 00:21 622000                     /nfs/stak/a1/rhel5apps/matlab2011b/bin/glnxa64/libhdf5_hl.so.6.0.5
7eff1b106000-7eff1b306000 ---p 0001b000 00:21 622000                     /nfs/stak/a1/rhel5apps/matlab2011b/bin/glnxa64/libhdf5_hl.so.6.0.5
7eff1b306000-7eff1b307000 rw-p 0001b000 00:21 622000                     /nfs/stak/a1/rhel5apps/matlab2011b/bin/glnxa64/libhdf5_hl.so.6.0.5
7eff1b307000-7eff1b31a000 rw-p 00000000 00:00 0 
7eff1b31a000-7eff1b59b000 r-xp 00000000 00:21 635104                     /nfs/stak/a1/rhel5apps/matlab2011b/sys/os/glnxa64/libXm.so.3.0.2
7eff1b59b000-7eff1b79b000 ---p 00281000 00:21 635104                     /nfs/stak/a1/rhel5apps/matlab2011b/sys/os/glnxa64/libXm.so.3.0.2
7eff1b79b000-7eff1b7c5000 rw-p 00281000 00:21 635104                     /nfs/stak/a1/rhel5apps/matlab2011b/sys/os/glnxa64/libXm.so.3.0.2
7eff1b7c5000-7eff1b7c6000 rw-p 00000000 00:00 0 
7eff1b7c6000-7eff1b86f000 r-xp 00000000 00:21 622168                     /nfs/stak/a1/rhel5apps/matlab2011b/bin/glnxa64/libmwlapack.so
7eff1b86f000-7eff1ba6e000 ---p 000a9000 00:21 622168                     /nfs/stak/a1/rhel5apps/matlab2011b/bin/glnxa64/libmwlapack.so
7eff1ba6e000-7eff1ba77000 rw-p 000a8000 00:21 622168                     /nfs/stak/a1/rhel5apps/matlab2011b/bin/glnxa64/libmwlapack.so
7eff1ba77000-7eff1ba78000 rw-p 00000000 00:00 0 
7eff1ba78000-7eff1bcb8000 r-xp 00000000 00:21 622154                     /nfs/stak/a1/rhel5apps/matlab2011b/bin/glnxa64/libmwhgdatatypes.so
7eff1bcb8000-7eff1beb8000 ---p 00240000 00:21 622154                     /nfs/stak/a1/rhel5apps/matlab2011b/bin/glnxa64/libmwhgdatatypes.so
7eff1beb8000-7eff1bed5000 rw-p 00240000 00:21 622154                     /nfs/stak/a1/rhel5apps/matlab2011b/bin/glnxa64/libmwhgdatatypes.so
7eff1bed5000-7eff1bed6000 rw-p 00000000 00:00 0 
7eff1bed6000-7eff1bf07000 r-xp 00000000 00:21 622150                     /nfs/stak/a1/rhel5apps/matlab2011b/bin/glnxa64/libmwhardcopy.so
7eff1bf07000-7eff1c106000 ---p 00031000 00:21 622150                     /nfs/stak/a1/rhel5apps/matlab2011b/bin/glnxa64/libmwhardcopy.so
7eff1c106000-7eff1c108000 rw-p 00030000 00:21 622150                     /nfs/stak/a1/rhel5apps/matlab2011b/bin/glnxa64/libmwhardcopy.so
7eff1c108000-7eff1c10a000 rw-p 00000000 00:00 0 
7eff1c10a000-7eff1c11a000 r-xp 00000000 00:21 622147                     /nfs/stak/a1/rhel5apps/matlab2011b/bin/glnxa64/libmwgraphics_util.so
7eff1c11a000-7eff1c319000 ---p 00010000 00:21 622147                     /nfs/stak/a1/rhel5apps/matlab2011b/bin/glnxa64/libmwgraphics_util.so
7eff1c319000-7eff1c31b000 rw-p 0000f000 00:21 622147                     /nfs/stak/a1/rhel5apps/matlab2011b/bin/glnxa64/libmwgraphics_util.so
7eff1c31b000-7eff1c32c000 r-xp 00000000 00:21 622165                     /nfs/stak/a1/rhel5apps/matlab2011b/bin/glnxa64/libmwir_xfmr.so
7eff1c32c000-7eff1c52c000 ---p 00011000 00:21 622165                     /nfs/stak/a1/rhel5apps/matlab2011b/bin/glnxa64/libmwir_xfmr.so
7eff1c52c000-7eff1c52d000 rw-p 00011000 00:21 622165                     /nfs/stak/a1/rhel5apps/matlab2011b/bin/glnxa64/libmwir_xfmr.so
7eff1c52d000-7eff1c530000 rw-p 00000000 00:00 0 
7eff1c530000-7eff1c598000 r-xp 00000000 00:21 622468                     /nfs/stak/a1/rhel5apps/matlab2011b/bin/glnxa64/libmwspmatrix.so
7eff1c598000-7eff1c798000 ---p 00068000 00:21 622468                     /nfs/stak/a1/rhel5apps/matlab2011b/bin/glnxa64/libmwspmatrix.so
7eff1c798000-7eff1c799000 rw-p 00068000 00:21 622468                     /nfs/stak/a1/rhel5apps/matlab2011b/bin/glnxa64/libmwspmatrix.so
7eff1c799000-7eff1c7b8000 r-xp 00000000 00:21 622176                     /nfs/stak/a1/rhel5apps/matlab2011b/bin/glnxa64/libmwm_pcodegen.so
7eff1c7b8000-7eff1c9b8000 ---p 0001f000 00:21 622176                     /nfs/stak/a1/rhel5apps/matlab2011b/bin/glnxa64/libmwm_pcodegen.so
7eff1c9b8000-7eff1c9ba000 rw-p 0001f000 00:21 622176                     /nfs/stak/a1/rhel5apps/matlab2011b/bin/glnxa64/libmwm_pcodegen.so
7eff1c9ba000-7eff1c9d1000 r-xp 00000000 00:21 622177                     /nfs/stak/a1/rhel5apps/matlab2011b/bin/glnxa64/libmwm_pcodeio.so
7eff1c9d1000-7eff1cbd0000 ---p 00017000 00:21 622177                     /nfs/stak/a1/rhel5apps/matlab2011b/bin/glnxa64/libmwm_pcodeio.so
7eff1cbd0000-7eff1cbd2000 rw-p 00016000 00:21 622177                     /nfs/stak/a1/rhel5apps/matlab2011b/bin/glnxa64/libmwm_pcodeio.so
7eff1cbd2000-7eff1cbd3000 rw-p 00000000 00:00 0 
7eff1cbd3000-7eff1cbe1000 r-xp 00000000 00:21 622202                     /nfs/stak/a1/rhel5apps/matlab2011b/bin/glnxa64/libmwmlib.so
7eff1cbe1000-7eff1cde0000 ---p 0000e000 00:21 622202                     /nfs/stak/a1/rhel5apps/matlab2011b/bin/glnxa64/libmwmlib.so
7eff1cde0000-7eff1cde2000 rw-p 0000d000 00:21 622202                     /nfs/stak/a1/rhel5apps/matlab2011b/bin/glnxa64/libmwmlib.so
7eff1cde2000-7eff1ce0d000 r-xp 00000000 00:21 622188                     /nfs/stak/a1/rhel5apps/matlab2011b/bin/glnxa64/libmwmathrng.so
7eff1ce0d000-7eff1d00c000 ---p 0002b000 00:21 622188                     /nfs/stak/a1/rhel5apps/matlab2011b/bin/glnxa64/libmwmathrng.so
7eff1d00c000-7eff1d00e000 rw-p 0002a000 00:21 622188                     /nfs/stak/a1/rhel5apps/matlab2011b/bin/glnxa64/libmwmathrng.so
7eff1d00e000-7eff1d010000 rw-p 00000000 00:00 0 
7eff1d010000-7eff1d04d000 r-xp 00000000 00:21 622288                     /nfs/stak/a1/rhel5apps/matlab2011b/bin/glnxa64/libmwprofiler.so
7eff1d04d000-7eff1d24d000 ---p 0003d000 00:21 622288                     /nfs/stak/a1/rhel5apps/matlab2011b/bin/glnxa64/libmwprofiler.so
7eff1d24d000-7eff1d250000 rw-p 0003d000 00:21 622288                     /nfs/stak/a1/rhel5apps/matlab2011b/bin/glnxa64/libmwprofiler.so
7eff1d250000-7eff1d251000 rw-p 00000000 00:00 0 
7eff1d251000-7eff1d290000 r-xp 00000000 00:21 622029                     /nfs/stak/a1/rhel5apps/matlab2011b/bin/glnxa64/libmat.so
7eff1d290000-7eff1d490000 ---p 0003f000 00:21 622029                     /nfs/stak/a1/rhel5apps/matlab2011b/bin/glnxa64/libmat.so
7eff1d490000-7eff1d493000 rw-p 0003f000 00:21 622029                     /nfs/stak/a1/rhel5apps/matlab2011b/bin/glnxa64/libmat.so
7eff1d493000-7eff1d84e000 r-xp 00000000 00:21 622546                     /nfs/stak/a1/rhel5apps/matlab2011b/bin/glnxa64/libxerces-c.so.27.0
7eff1d84e000-7eff1da4d000 ---p 003bb000 00:21 622546                     /nfs/stak/a1/rhel5apps/matlab2011b/bin/glnxa64/libxerces-c.so.27.0
7eff1da4d000-7eff1da91000 rw-p 003ba000 00:21 622546                     /nfs/stak/a1/rhel5apps/matlab2011b/bin/glnxa64/libxerces-c.so.27.0
7eff1da91000-7eff1da93000 rw-p 00000000 00:00 0 
7eff1da93000-7eff1db03000 r-xp 00000000 00:21 622492                     /nfs/stak/a1/rhel5apps/matlab2011b/bin/glnxa64/libmwxmlcore.so
7eff1db03000-7eff1dd02000 ---p 00070000 00:21 622492                     /nfs/stak/a1/rhel5apps/matlab2011b/bin/glnxa64/libmwxmlcore.so
7eff1dd02000-7eff1dd0a000 rw-p 0006f000 00:21 622492                     /nfs/stak/a1/rhel5apps/matlab2011b/bin/glnxa64/libmwxmlcore.so
7eff1dd0a000-7eff1dd0b000 rw-p 00000000 00:00 0 
7eff1dd0b000-7eff1dd24000 r-xp 00000000 00:21 621962                     /nfs/stak/a1/rhel5apps/matlab2011b/bin/glnxa64/libboost_iostreams.so.1.44.0
7eff1dd24000-7eff1df23000 ---p 00019000 00:21 621962                     /nfs/stak/a1/rhel5apps/matlab2011b/bin/glnxa64/libboost_iostreams.so.1.44.0
7eff1df23000-7eff1df25000 rw-p 00018000 00:21 621962                     /nfs/stak/a1/rhel5apps/matlab2011b/bin/glnxa64/libboost_iostreams.so.1.44.0
7eff1df25000-7eff1df26000 rw-p 00000000 00:00 0 
7eff1df26000-7eff1e098000 r-xp 00000000 00:21 622488                     /nfs/stak/a1/rhel5apps/matlab2011b/bin/glnxa64/libmwuix.so
7eff1e098000-7eff1e297000 ---p 00172000 00:21 622488                     /nfs/stak/a1/rhel5apps/matlab2011b/bin/glnxa64/libmwuix.so
7eff1e297000-7eff1e2ac000 rw-p 00171000 00:21 622488                     /nfs/stak/a1/rhel5apps/matlab2011b/bin/glnxa64/libmwuix.so
7eff1e2ac000-7eff1e2b1000 rw-p 00000000 00:00 0 
7eff1e2b1000-7eff1e306000 r-xp 00000000 00:21 622174                     /nfs/stak/a1/rhel5apps/matlab2011b/bin/glnxa64/libmwm_ir.so
7eff1e306000-7eff1e506000 ---p 00055000 00:21 622174                     /nfs/stak/a1/rhel5apps/matlab2011b/bin/glnxa64/libmwm_ir.so
7eff1e506000-7eff1e50e000 rw-p 00055000 00:21 622174                     /nfs/stak/a1/rhel5apps/matlab2011b/bin/glnxa64/libmwm_ir.so
7eff1e50e000-7eff1e513000 r-xp 00000000 00:21 622487                     /nfs/stak/a1/rhel5apps/matlab2011b/bin/glnxa64/libmwuinone.so
7eff1e513000-7eff1e713000 ---p 00005000 00:21 622487                     /nfs/stak/a1/rhel5apps/matlab2011b/bin/glnxa64/libmwuinone.so
7eff1e713000-7eff1e714000 rw-p 00005000 00:21 622487                     /nfs/stak/a1/rhel5apps/matlab2011b/bin/glnxa64/libmwuinone.so
7eff1e714000-7eff1e715000 rw-p 00000000 00:00 0 
7eff1e715000-7eff1e7bb000 r-xp 00000000 00:21 622486                     /nfs/stak/a1/rhel5apps/matlab2011b/bin/glnxa64/libmwudd_mi.so
7eff1e7bb000-7eff1e9ba000 ---p 000a6000 00:21 622486                     /nfs/stak/a1/rhel5apps/matlab2011b/bin/glnxa64/libmwudd_mi.so
7eff1e9ba000-7eff1e9c6000 rw-p 000a5000 00:21 622486                     /nfs/stak/a1/rhel5apps/matlab2011b/bin/glnxa64/libmwudd_mi.so
7eff1e9c6000-7eff1e9c7000 rw-p 00000000 00:00 0 
7eff1e9c7000-7eff1ea10000 r-xp 00000000 00:21 622544                     /nfs/stak/a1/rhel5apps/matlab2011b/bin/glnxa64/libuij.so
7eff1ea10000-7eff1ec10000 ---p 00049000 00:21 622544                     /nfs/stak/a1/rhel5apps/matlab2011b/bin/glnxa64/libuij.so
7eff1ec10000-7eff1ec13000 rw-p 00049000 00:21 622544                     /nfs/stak/a1/rhel5apps/matlab2011b/bin/glnxa64/libuij.so
7eff1ec13000-7eff1ed1f000 r-xp 00000000 00:21 622156                     /nfs/stak/a1/rhel5apps/matlab2011b/bin/glnxa64/libmwhgutils.so
7eff1ed1f000-7eff1ef1e000 ---p 0010c000 00:21 622156                     /nfs/stak/a1/rhel5apps/matlab2011b/bin/glnxa64/libmwhgutils.so
7eff1ef1e000-7eff1ef32000 rw-p 0010b000 00:21 622156                     /nfs/stak/a1/rhel5apps/matlab2011b/bin/glnxa64/libmwhgutils.so
7eff1ef32000-7eff1ef34000 rw-p 00000000 00:00 0 
7eff1ef34000-7eff1fc7e000 r-xp 00000000 00:21 622152                     /nfs/stak/a1/rhel5apps/matlab2011b/bin/glnxa64/libmwhg.so
7eff1fc7e000-7eff1fe7d000 ---p 00d4a000 00:21 622152                     /nfs/stak/a1/rhel5apps/matlab2011b/bin/glnxa64/libmwhg.so
7eff1fe7d000-7eff1ff94000 rw-p 00d49000 00:21 622152                     /nfs/stak/a1/rhel5apps/matlab2011b/bin/glnxa64/libmwhg.so
7eff1ff94000-7eff1ffa2000 rw-p 00000000 00:00 0 
7eff1ffa2000-7eff200a9000 r-xp 00000000 00:21 622148                     /nfs/stak/a1/rhel5apps/matlab2011b/bin/glnxa64/libmwgui.so
7eff200a9000-7eff202a8000 ---p 00107000 00:21 622148                     /nfs/stak/a1/rhel5apps/matlab2011b/bin/glnxa64/libmwgui.so
7eff202a8000-7eff202e4000 rw-p 00106000 00:21 622148                     /nfs/stak/a1/rhel5apps/matlab2011b/bin/glnxa64/libmwgui.so
7eff202e4000-7eff202e5000 rw-p 00000000 00:00 0 
7eff202e5000-7eff20556000 r-xp 00000000 00:21 622197                     /nfs/stak/a1/rhel5apps/matlab2011b/bin/glnxa64/libmwmcos.so
7eff20556000-7eff20755000 ---p 00271000 00:21 622197                     /nfs/stak/a1/rhel5apps/matlab2011b/bin/glnxa64/libmwmcos.so
7eff20755000-7eff20780000 rw-p 00270000 00:21 622197                     /nfs/stak/a1/rhel5apps/matlab2011b/bin/glnxa64/libmwmcos.so
7eff20780000-7eff20781000 rw-p 00000000 00:00 0 
7eff20781000-7eff20788000 r-xp 00000000 00:21 622214                     /nfs/stak/a1/rhel5apps/matlab2011b/bin/glnxa64/libmwmtok.so
7eff20788000-7eff20988000 ---p 00007000 00:21 622214                     /nfs/stak/a1/rhel5apps/matlab2011b/bin/glnxa64/libmwmtok.so
7eff20988000-7eff20989000 rw-p 00007000 00:21 622214                     /nfs/stak/a1/rhel5apps/matlab2011b/bin/glnxa64/libmwmtok.so
7eff20989000-7eff20a04000 r-xp 00000000 00:21 622203                     /nfs/stak/a1/rhel5apps/matlab2011b/bin/glnxa64/libmwmlint.so
7eff20a04000-7eff20c03000 ---p 0007b000 00:21 622203                     /nfs/stak/a1/rhel5apps/matlab2011b/bin/glnxa64/libmwmlint.so
7eff20c03000-7eff20c0b000 rw-p 0007a000 00:21 622203                     /nfs/stak/a1/rhel5apps/matlab2011b/bin/glnxa64/libmwmlint.so
7eff20c0b000-7eff20c0c000 rw-p 00000000 00:00 0 
7eff20c0c000-7eff20cf0000 r-xp 00000000 00:21 622485                     /nfs/stak/a1/rhel5apps/matlab2011b/bin/glnxa64/libmwudd.so
7eff20cf0000-7eff20eef000 ---p 000e4000 00:21 622485                     /nfs/stak/a1/rhel5apps/matlab2011b/bin/glnxa64/libmwudd.so
7eff20eef000-7eff20f07000 rw-p 000e3000 00:21 622485                     /nfs/stak/a1/rhel5apps/matlab2011b/bin/glnxa64/libmwudd.so
7eff20f07000-7eff20f09000 rw-p 00000000 00:00 0 
7eff20f09000-7eff21167000 r-xp 00000000 00:21 622175                     /nfs/stak/a1/rhel5apps/matlab2011b/bin/glnxa64/libmwm_parser.so
7eff21167000-7eff21367000 ---p 0025e000 00:21 622175                     /nfs/stak/a1/rhel5apps/matlab2011b/bin/glnxa64/libmwm_parser.so
7eff21367000-7eff217fd000 rw-p 0025e000 00:21 622175                     /nfs/stak/a1/rhel5apps/matlab2011b/bin/glnxa64/libmwm_parser.so
7eff217fd000-7eff2180d000 r-xp 00000000 00:21 622030                     /nfs/stak/a1/rhel5apps/matlab2011b/bin/glnxa64/libmex.so
7eff2180d000-7eff21a0c000 ---p 00010000 00:21 622030                     /nfs/stak/a1/rhel5apps/matlab2011b/bin/glnxa64/libmex.so
7eff21a0c000-7eff21a0e000 rw-p 0000f000 00:21 622030                     /nfs/stak/a1/rhel5apps/matlab2011b/bin/glnxa64/libmex.so
7eff21a0e000-7eff21a0f000 rw-p 00000000 00:00 0 
7eff21a0f000-7eff21a10000 r-xp 00000000 00:21 622219                     /nfs/stak/a1/rhel5apps/matlab2011b/bin/glnxa64/libmwnativejava_services.so
7eff21a10000-7eff21c10000 ---p 00001000 00:21 622219                     /nfs/stak/a1/rhel5apps/matlab2011b/bin/glnxa64/libmwnativejava_services.so
7eff21c10000-7eff21c11000 rw-p 00001000 00:21 622219                     /nfs/stak/a1/rhel5apps/matlab2011b/bin/glnxa64/libmwnativejava_services.so
7eff21c11000-7eff21da2000 r-xp 00000000 00:21 622163                     /nfs/stak/a1/rhel5apps/matlab2011b/bin/glnxa64/libmwiqm.so
7eff21da2000-7eff21fa2000 ---p 00191000 00:21 622163                     /nfs/stak/a1/rhel5apps/matlab2011b/bin/glnxa64/libmwiqm.so
7eff21fa2000-7eff21fbe000 rw-p 00191000 00:21 622163                     /nfs/stak/a1/rhel5apps/matlab2011b/bin/glnxa64/libmwiqm.so
7eff21fbe000-7eff21fc4000 rw-p 00000000 00:00 0 
7eff21fc4000-7eff22035000 r-xp 00000000 00:21 621971                     /nfs/stak/a1/rhel5apps/matlab2011b/bin/glnxa64/libboost_serialization.so.1.44.0
7eff22035000-7eff22235000 ---p 00071000 00:21 621971                     /nfs/stak/a1/rhel5apps/matlab2011b/bin/glnxa64/libboost_serialization.so.1.44.0
7eff22235000-7eff22239000 rw-p 00071000 00:21 621971                     /nfs/stak/a1/rhel5apps/matlab2011b/bin/glnxa64/libboost_serialization.so.1.44.0
7eff22239000-7eff22248000 r-xp 00000000 00:21 622312                     /nfs/stak/a1/rhel5apps/matlab2011b/bin/glnxa64/libmwsettings_res.so
7eff22248000-7eff22447000 ---p 0000f000 00:21 622312                     /nfs/stak/a1/rhel5apps/matlab2011b/bin/glnxa64/libmwsettings_res.so
7eff22447000-7eff22448000 rw-p 0000e000 00:21 622312                     /nfs/stak/a1/rhel5apps/matlab2011b/bin/glnxa64/libmwsettings_res.so
7eff22448000-7eff22449000 rw-p 00000000 00:00 0 
7eff22449000-7eff224f0000 r-xp 00000000 00:21 622190                     /nfs/stak/a1/rhel5apps/matlab2011b/bin/glnxa64/libmwmathutil.so
7eff224f0000-7eff226ef000 ---p 000a7000 00:21 622190                     /nfs/stak/a1/rhel5apps/matlab2011b/bin/glnxa64/libmwmathutil.so
7eff226ef000-7eff226f0000 rw-p 000a6000 00:21 622190                     /nfs/stak/a1/rhel5apps/matlab2011b/bin/glnxa64/libmwmathutil.so
7eff226f0000-7eff229bb000 r-xp 00000000 00:21 622204                     /nfs/stak/a1/rhel5apps/matlab2011b/bin/glnxa64/libmwmlutil.so
7eff229bb000-7eff22bba000 ---p 002cb000 00:21 622204                     /nfs/stak/a1/rhel5apps/matlab2011b/bin/glnxa64/libmwmlutil.so
7eff22bba000-7eff22bdb000 rw-p 002ca000 00:21 622204                     /nfs/stak/a1/rhel5apps/matlab2011b/bin/glnxa64/libmwmlutil.so
7eff22bdb000-7eff22be9000 rw-p 00000000 00:00 0 
7eff22be9000-7eff22bfc000 r-xp 00000000 00:21 621972                     /nfs/stak/a1/rhel5apps/matlab2011b/bin/glnxa64/libboost_signals.so.1.44.0
7eff22bfc000-7eff22dfc000 ---p 00013000 00:21 621972                     /nfs/stak/a1/rhel5apps/matlab2011b/bin/glnxa64/libboost_signals.so.1.44.0
7eff22dfc000-7eff22dfd000 rw-p 00013000 00:21 621972                     /nfs/stak/a1/rhel5apps/matlab2011b/bin/glnxa64/libboost_signals.so.1.44.0
7eff22dfd000-7eff22dfe000 rw-p 00000000 00:00 0 
7eff22dfe000-7eff22f09000 r-xp 00000000 00:21 621970                     /nfs/stak/a1/rhel5apps/matlab2011b/bin/glnxa64/libboost_regex.so.1.44.0
7eff22f09000-7eff23109000 ---p 0010b000 00:21 621970                     /nfs/stak/a1/rhel5apps/matlab2011b/bin/glnxa64/libboost_regex.so.1.44.0
7eff23109000-7eff23110000 rw-p 0010b000 00:21 621970                     /nfs/stak/a1/rhel5apps/matlab2011b/bin/glnxa64/libboost_regex.so.1.44.0
7eff23110000-7eff23132000 r-xp 00000000 00:21 621960                     /nfs/stak/a1/rhel5apps/matlab2011b/bin/glnxa64/libboost_filesystem.so.1.44.0
7eff23132000-7eff23331000 ---p 00022000 00:21 621960                     /nfs/stak/a1/rhel5apps/matlab2011b/bin/glnxa64/libboost_filesystem.so.1.44.0
7eff23331000-7eff23333000 rw-p 00021000 00:21 621960                     /nfs/stak/a1/rhel5apps/matlab2011b/bin/glnxa64/libboost_filesystem.so.1.44.0
7eff23333000-7eff23334000 rw-p 00000000 00:00 0 
7eff23334000-7eff23512000 r-xp 00000000 00:21 622044                     /nfs/stak/a1/rhel5apps/matlab2011b/bin/glnxa64/libmwMATLAB_res.so
7eff23512000-7eff23711000 ---p 001de000 00:21 622044                     /nfs/stak/a1/rhel5apps/matlab2011b/bin/glnxa64/libmwMATLAB_res.so
7eff23711000-7eff23713000 rw-p 001dd000 00:21 622044                     /nfs/stak/a1/rhel5apps/matlab2011b/bin/glnxa64/libmwMATLAB_res.so
7eff23713000-7eff2371a000 rw-p 00000000 00:00 0 
7eff2371a000-7eff2371c000 r-xp 00000000 00:21 622294                     /nfs/stak/a1/rhel5apps/matlab2011b/bin/glnxa64/libmwresource_core.so
7eff2371c000-7eff2391b000 ---p 00002000 00:21 622294                     /nfs/stak/a1/rhel5apps/matlab2011b/bin/glnxa64/libmwresource_core.so
7eff2391b000-7eff2391c000 rw-p 00001000 00:21 622294                     /nfs/stak/a1/rhel5apps/matlab2011b/bin/glnxa64/libmwresource_core.so
7eff2391c000-7eff2391d000 rw-p 00000000 00:00 0 
7eff2391d000-7eff23937000 r-xp 00000000 00:21 622542                     /nfs/stak/a1/rhel5apps/matlab2011b/bin/glnxa64/libtbbmalloc.so.2
7eff23937000-7eff23a36000 ---p 0001a000 00:21 622542                     /nfs/stak/a1/rhel5apps/matlab2011b/bin/glnxa64/libtbbmalloc.so.2
7eff23a36000-7eff23a39000 rw-p 00019000 00:21 622542                     /nfs/stak/a1/rhel5apps/matlab2011b/bin/glnxa64/libtbbmalloc.so.2
7eff23a39000-7eff23a46000 rw-p 00000000 00:00 0 
7eff23a46000-7eff23a80000 r-xp 00000000 00:21 622541                     /nfs/stak/a1/rhel5apps/matlab2011b/bin/glnxa64/libtbb.so.2
7eff23a80000-7eff23b80000 ---p 0003a000 00:21 622541                     /nfs/stak/a1/rhel5apps/matlab2011b/bin/glnxa64/libtbb.so.2
7eff23b80000-7eff23b84000 rw-p 0003a000 00:21 622541                     /nfs/stak/a1/rhel5apps/matlab2011b/bin/glnxa64/libtbb.so.2
7eff23b84000-7eff23b85000 rw-p 00000000 00:00 0 
7eff23b85000-7eff23b90000 r-xp 00000000 00:21 622004                     /nfs/stak/a1/rhel5apps/matlab2011b/bin/glnxa64/libicuio.so.44.2
7eff23b90000-7eff23d8f000 ---p 0000b000 00:21 622004                     /nfs/stak/a1/rhel5apps/matlab2011b/bin/glnxa64/libicuio.so.44.2
7eff23d8f000-7eff23d91000 rw-p 0000a000 00:21 622004                     /nfs/stak/a1/rhel5apps/matlab2011b/bin/glnxa64/libicuio.so.44.2
7eff23d91000-7eff23d92000 rw-p 00000000 00:00 0 
7eff23d92000-7eff23f7e000 r-xp 00000000 00:21 622003                     /nfs/stak/a1/rhel5apps/matlab2011b/bin/glnxa64/libicui18n.so.44.2
7eff23f7e000-7eff2417e000 ---p 001ec000 00:21 622003                     /nfs/stak/a1/rhel5apps/matlab2011b/bin/glnxa64/libicui18n.so.44.2
7eff2417e000-7eff2418a000 rw-p 001ec000 00:21 622003                     /nfs/stak/a1/rhel5apps/matlab2011b/bin/glnxa64/libicui18n.so.44.2
7eff2418a000-7eff242d9000 r-xp 00000000 00:21 622005                     /nfs/stak/a1/rhel5apps/matlab2011b/bin/glnxa64/libicuuc.so.44.2
7eff242d9000-7eff244d8000 ---p 0014f000 00:21 622005                     /nfs/stak/a1/rhel5apps/matlab2011b/bin/glnxa64/libicuuc.so.44.2
7eff244d8000-7eff244e9000 rw-p 0014e000 00:21 622005                     /nfs/stak/a1/rhel5apps/matlab2011b/bin/glnxa64/libicuuc.so.44.2
7eff244e9000-7eff244ec000 rw-p 00000000 00:00 0 
7eff244ec000-7eff2532c000 r--p 00000000 00:21 622002                     /nfs/stak/a1/rhel5apps/matlab2011b/bin/glnxa64/libicudata.so.44.2
7eff2532c000-7eff2552b000 ---p 00e40000 00:21 622002                     /nfs/stak/a1/rhel5apps/matlab2011b/bin/glnxa64/libicudata.so.44.2
7eff2552b000-7eff2552c000 rw-p 00e3f000 00:21 622002                     /nfs/stak/a1/rhel5apps/matlab2011b/bin/glnxa64/libicudata.so.44.2
7eff2552c000-7eff2552d000 rw-p 00000000 00:00 0 
7eff2552d000-7eff25553000 r-xp 00000000 00:21 621989                     /nfs/stak/a1/rhel5apps/matlab2011b/bin/glnxa64/libexpat.so.1.5.0
7eff25553000-7eff25752000 ---p 00026000 00:21 621989                     /nfs/stak/a1/rhel5apps/matlab2011b/bin/glnxa64/libexpat.so.1.5.0
7eff25752000-7eff25755000 rw-p 00025000 00:21 621989                     /nfs/stak/a1/rhel5apps/matlab2011b/bin/glnxa64/libexpat.so.1.5.0
7eff25755000-7eff2576a000 r-xp 00000000 00:21 621974                     /nfs/stak/a1/rhel5apps/matlab2011b/bin/glnxa64/libboost_thread.so.1.44.0
7eff2576a000-7eff2596a000 ---p 00015000 00:21 621974                     /nfs/stak/a1/rhel5apps/matlab2011b/bin/glnxa64/libboost_thread.so.1.44.0
7eff2596a000-7eff2596c000 rw-p 00015000 00:21 621974                     /nfs/stak/a1/rhel5apps/matlab2011b/bin/glnxa64/libboost_thread.so.1.44.0
7eff2596c000-7eff2596e000 r-xp 00000000 00:21 621973                     /nfs/stak/a1/rhel5apps/matlab2011b/bin/glnxa64/libboost_system.so.1.44.0
7eff2596e000-7eff25b6e000 ---p 00002000 00:21 621973                     /nfs/stak/a1/rhel5apps/matlab2011b/bin/glnxa64/libboost_system.so.1.44.0
7eff25b6e000-7eff25b6f000 rw-p 00002000 00:21 621973                     /nfs/stak/a1/rhel5apps/matlab2011b/bin/glnxa64/libboost_system.so.1.44.0
7eff25b6f000-7eff25b70000 rw-p 00000000 00:00 0 
7eff25b70000-7eff25b81000 r-xp 00000000 00:21 621959                     /nfs/stak/a1/rhel5apps/matlab2011b/bin/glnxa64/libboost_date_time.so.1.44.0
7eff25b81000-7eff25d80000 ---p 00011000 00:21 621959                     /nfs/stak/a1/rhel5apps/matlab2011b/bin/glnxa64/libboost_date_time.so.1.44.0
7eff25d80000-7eff25d82000 rw-p 00010000 00:21 621959                     /nfs/stak/a1/rhel5apps/matlab2011b/bin/glnxa64/libboost_date_time.so.1.44.0
7eff25d82000-7eff25dee000 r-xp 00000000 00:21 622157                     /nfs/stak/a1/rhel5apps/matlab2011b/bin/glnxa64/libmwi18n.so
7eff25dee000-7eff25fee000 ---p 0006c000 00:21 622157                     /nfs/stak/a1/rhel5apps/matlab2011b/bin/glnxa64/libmwi18n.so
7eff25fee000-7eff25ff3000 rw-p 0006c000 00:21 622157                     /nfs/stak/a1/rhel5apps/matlab2011b/bin/glnxa64/libmwi18n.so
7eff25ff3000-7eff25ff5000 rw-p 00000000 00:00 0 
7eff25ff5000-7eff2600b000 r-xp 00000000 00:21 635105                     /nfs/stak/a1/rhel5apps/matlab2011b/sys/os/glnxa64/libgcc_s.so.1
7eff2600b000-7eff2620a000 ---p 00016000 00:21 635105                     /nfs/stak/a1/rhel5apps/matlab2011b/sys/os/glnxa64/libgcc_s.so.1
7eff2620a000-7eff2620b000 rw-p 00015000 00:21 635105                     /nfs/stak/a1/rhel5apps/matlab2011b/sys/os/glnxa64/libgcc_s.so.1
7eff2620b000-7eff2622b000 rw-p 00000000 00:00 0 
7eff2622b000-7eff26232000 r--s 00000000 fd:03 396886                     /usr/lib64/gconv/gconv-modules.cache
7eff26232000-7eff2631c000 r-xp 00000000 00:21 635113                     /nfs/stak/a1/rhel5apps/matlab2011b/sys/os/glnxa64/libstdc++.so.6.0.10
7eff2631c000-7eff2651c000 ---p 000ea000 00:21 635113                     /nfs/stak/a1/rhel5apps/matlab2011b/sys/os/glnxa64/libstdc++.so.6.0.10
7eff2651c000-7eff26523000 r--p 000ea000 00:21 635113                     /nfs/stak/a1/rhel5apps/matlab2011b/sys/os/glnxa64/libstdc++.so.6.0.10
7eff26523000-7eff26525000 rw-p 000f1000 00:21 635113                     /nfs/stak/a1/rhel5apps/matlab2011b/sys/os/glnxa64/libstdc++.so.6.0.10
7eff26525000-7eff26539000 rw-p 00000000 00:00 0 
7eff26539000-7eff26a3f000 r-xp 00000000 00:21 622173                     /nfs/stak/a1/rhel5apps/matlab2011b/bin/glnxa64/libmwm_interpreter.so
7eff26a3f000-7eff26c3f000 ---p 00506000 00:21 622173                     /nfs/stak/a1/rhel5apps/matlab2011b/bin/glnxa64/libmwm_interpreter.so
7eff26c3f000-7eff26d1b000 rw-p 00506000 00:21 622173                     /nfs/stak/a1/rhel5apps/matlab2011b/bin/glnxa64/libmwm_interpreter.so
7eff26d1b000-7eff26db6000 rw-p 00000000 00:00 0 
7eff26db6000-7eff26e3f000 r-xp 00000000 00:21 622172                     /nfs/stak/a1/rhel5apps/matlab2011b/bin/glnxa64/libmwm_dispatcher.so
7eff26e3f000-7eff2703e000 ---p 00089000 00:21 622172                     /nfs/stak/a1/rhel5apps/matlab2011b/bin/glnxa64/libmwm_dispatcher.so
7eff2703e000-7eff27045000 rw-p 00088000 00:21 622172                     /nfs/stak/a1/rhel5apps/matlab2011b/bin/glnxa64/libmwm_dispatcher.so
7eff27045000-7eff270d0000 r-xp 00000000 00:21 622199                     /nfs/stak/a1/rhel5apps/matlab2011b/bin/glnxa64/libmwmcr.so
7eff270d0000-7eff272d0000 ---p 0008b000 00:21 622199                     /nfs/stak/a1/rhel5apps/matlab2011b/bin/glnxa64/libmwmcr.so
7eff272d0000-7eff272d8000 rw-p 0008b000 00:21 622199                     /nfs/stak/a1/rhel5apps/matlab2011b/bin/glnxa64/libmwmcr.so
7eff272d8000-7eff272db000 rw-p 00000000 00:00 0 
7eff272db000-7eff27306000 r-xp 00000000 00:21 622072                     /nfs/stak/a1/rhel5apps/matlab2011b/bin/glnxa64/libmwbridge.so
7eff27306000-7eff27505000 ---p 0002b000 00:21 622072                     /nfs/stak/a1/rhel5apps/matlab2011b/bin/glnxa64/libmwbridge.so
7eff27505000-7eff27508000 rw-p 0002a000 00:21 622072                     /nfs/stak/a1/rhel5apps/matlab2011b/bin/glnxa64/libmwbridge.so
7eff27508000-7eff2750f000 rw-p 00000000 00:00 0 
7eff2750f000-7eff2757d000 r-xp 00000000 00:21 622166                     /nfs/stak/a1/rhel5apps/matlab2011b/bin/glnxa64/libmwjmi.so
7eff2757d000-7eff2777d000 ---p 0006e000 00:21 622166                     /nfs/stak/a1/rhel5apps/matlab2011b/bin/glnxa64/libmwjmi.so
7eff2777d000-7eff27782000 rw-p 0006e000 00:21 622166                     /nfs/stak/a1/rhel5apps/matlab2011b/bin/glnxa64/libmwjmi.so
7eff27782000-7eff27783000 rw-p 00000000 00:00 0 
7eff27783000-7eff27978000 r-xp 00000000 00:21 622310                     /nfs/stak/a1/rhel5apps/matlab2011b/bin/glnxa64/libmwservices.so
7eff27978000-7eff27b78000 ---p 001f5000 00:21 622310                     /nfs/stak/a1/rhel5apps/matlab2011b/bin/glnxa64/libmwservices.so
7eff27b78000-7eff27b8b000 rw-p 001f5000 00:21 622310                     /nfs/stak/a1/rhel5apps/matlab2011b/bin/glnxa64/libmwservices.so
7eff27b8b000-7eff27b9a000 rw-p 00000000 00:00 0 
7eff27b9a000-7eff27bd3000 r-xp 00000000 00:21 622210                     /nfs/stak/a1/rhel5apps/matlab2011b/bin/glnxa64/libmwmpath.so
7eff27bd3000-7eff27dd3000 ---p 00039000 00:21 622210                     /nfs/stak/a1/rhel5apps/matlab2011b/bin/glnxa64/libmwmpath.so
7eff27dd3000-7eff27dd6000 rw-p 00039000 00:21 622210                     /nfs/stak/a1/rhel5apps/matlab2011b/bin/glnxa64/libmwmpath.so
7eff27dd6000-7eff27dd8000 rw-p 00000000 00:00 0 
7eff27dd8000-7eff27e75000 r-xp 00000000 00:21 622495                     /nfs/stak/a1/rhel5apps/matlab2011b/bin/glnxa64/libmx.so
7eff27e75000-7eff28075000 ---p 0009d000 00:21 622495                     /nfs/stak/a1/rhel5apps/matlab2011b/bin/glnxa64/libmx.so
7eff28075000-7eff28079000 rw-p 0009d000 00:21 622495                     /nfs/stak/a1/rhel5apps/matlab2011b/bin/glnxa64/libmx.so
7eff28079000-7eff28130000 r-xp 00000000 00:21 622128                     /nfs/stak/a1/rhel5apps/matlab2011b/bin/glnxa64/libmwfl.so
7eff28130000-7eff2832f000 ---p 000b7000 00:21 622128                     /nfs/stak/a1/rhel5apps/matlab2011b/bin/glnxa64/libmwfl.so
7eff2832f000-7eff28338000 rw-p 000b6000 00:21 622128                     /nfs/stak/a1/rhel5apps/matlab2011b/bin/glnxa64/libmwfl.so
7eff28338000-7eff28348000 rw-p 00000000 00:00 0 
7eff28348000-7eff28420000 r-xp 00000000 00:21 622545                     /nfs/stak/a1/rhel5apps/matlab2011b/bin/glnxa64/libut.so
7eff28420000-7eff2861f000 ---p 000d8000 00:21 622545                     /nfs/stak/a1/rhel5apps/matlab2011b/bin/glnxa64/libut.so
7eff2861f000-7eff2862b000 rw-p 000d7000 00:21 622545                     /nfs/stak/a1/rhel5apps/matlab2011b/bin/glnxa64/libut.so
7eff2862b000-7eff28642000 rw-p 00000000 00:00 0 
7fff54fd1000-7fff54fe4000 rwxp 00000000 00:00 0                          [stack]
7fff54fe4000-7fff54fe6000 rw-p 00000000 00:00 0 
7fff54fff000-7fff55000000 r-xp 00000000 00:00 0                          [vdso]
ffffffffff600000-ffffffffff601000 r-xp 00000000 00:00 0                  [vsyscall]

VM Arguments:
jvm_args: -Xms64m -XX:NewRatio=3 -XX:MaxPermSize=128m -Xmx196m -XX:MaxDirectMemorySize=2147400000 -Djava.util.prefs.PreferencesFactory=com.mathworks.util.DisabledPreferencesFactory -XX:+AllowUserSignalHandlers -Xrs -Dsun.awt.disableMixing=true -Djava.library.path=/nfs/stak/a1/rhel5apps/matlab2011b/bin/glnxa64 vfprintf abort -Djava.awt.headless=true -Dfile.encoding=UTF-8 
java_command: <unknown>
Launcher Type: generic

Environment Variables:
PATH=/usr/lib64/qt-3.3/bin:/usr/local/bin:/bin:/usr/bin:/usr/local/sbin:/usr/sbin:/sbin:/sbin/:/usr/local/apps/bin/
LD_LIBRARY_PATH=/nfs/stak/a1/rhel5apps/matlab2011b/sys/os/glnxa64:/nfs/stak/a1/rhel5apps/matlab2011b/bin/glnxa64:/nfs/stak/a1/rhel5apps/matlab2011b/extern/lib/glnxa64:/nfs/stak/a1/rhel5apps/matlab2011b/runtime/glnxa64:/nfs/stak/a1/rhel5apps/matlab2011b/sys/java/jre/glnxa64/jre/lib/amd64/native_threads:/nfs/stak/a1/rhel5apps/matlab2011b/sys/java/jre/glnxa64/jre/lib/amd64/server:/nfs/stak/a1/rhel5apps/matlab2011b/sys/java/jre/glnxa64/jre/lib/amd64
SHELL=/bin/bash
DISPLAY=
ARCH=glnxa64

Signal Handlers:
SIGSEGV: [libjvm.so+0x6bddc0], sa_mask[0]=0x7ffbfeff, sa_flags=0x10000004
SIGBUS: [libjvm.so+0x6bddc0], sa_mask[0]=0x7ffbfeff, sa_flags=0x10000004
SIGFPE: [libjvm.so+0x594f90], sa_mask[0]=0x7ffbfeff, sa_flags=0x10000004
SIGPIPE: [libjvm.so+0x594f90], sa_mask[0]=0x7ffbfeff, sa_flags=0x10000004
SIGXFSZ: [libjvm.so+0x594f90], sa_mask[0]=0x7ffbfeff, sa_flags=0x10000004
SIGILL: [libjvm.so+0x594f90], sa_mask[0]=0x7ffbfeff, sa_flags=0x10000004
SIGUSR1: SIG_DFL, sa_mask[0]=0x00000000, sa_flags=0x00000000
SIGUSR2: [libjvm.so+0x597750], sa_mask[0]=0x08080002, sa_flags=0x10000004
SIGHUP: SIG_DFL, sa_mask[0]=0x00000000, sa_flags=0x00000000
SIGINT: SIG_DFL, sa_mask[0]=0x00000000, sa_flags=0x00000000
SIGTERM: SIG_DFL, sa_mask[0]=0x00000000, sa_flags=0x00000000
SIGQUIT: [libmwmcr.so+0x6ca50], sa_mask[0]=0x08080002, sa_flags=0x00000004


---------------  S Y S T E M  ---------------

OS:Red Hat Enterprise Linux Workstation release 6.3 (Santiago)

uname:Linux 2.6.32-279.el6.x86_64 #1 SMP Wed Jun 13 18:24:36 EDT 2012 x86_64
libc:glibc 2.12 NPTL 2.12 
rlimit: STACK 10240k, CORE 0k, NPROC 50, NOFILE 4096, AS infinity
load average:1.79 1.15 0.60

CPU:total 8 (4 cores per cpu, 1 threads per core) family 6 model 23 stepping 6, cmov, cx8, fxsr, mmx, sse, sse2, sse3, ssse3, sse4.1

Memory: 4k page, physical 32874224k(6118140k free), swap 13402104k(13097420k free)

vm_info: Java HotSpot(TM) 64-Bit Server VM (14.3-b01) for linux-amd64 JRE (1.6.0_17-b04), built on Oct 11 2009 01:08:48 by "java_re" with gcc 3.2.2 (SuSE Linux)

time: Wed Nov  7 16:09:20 2012
elapsed time: 0 seconds

