#
# A fatal error has been detected by the Java Runtime Environment:
#
# java.lang.OutOfMemoryError: Cannot create GC thread. Out of system resources.
#
#  Internal Error (gcTaskThread.cpp:38), pid=15168, tid=140388375807744
#  Error: Cannot create GC thread. Out of system resources.
#
# JRE version: 6.0_17-b04
# Java VM: Java HotSpot(TM) 64-Bit Server VM (14.3-b01 mixed mode linux-amd64 )
# If you would like to submit a bug report, please visit:
#   http://java.sun.com/webapps/bugreport/crash.jsp
#

---------------  T H R E A D  ---------------

Current thread (0x00007faea8440000):  JavaThread "Unknown thread" [_thread_in_vm, id=15243, stack(0x00007faeb6a54000,0x00007faeb7455000)]

Stack: [0x00007faeb6a54000,0x00007faeb7455000],  sp=0x00007faeb7452be0,  free space=10234k
Native frames: (J=compiled Java code, j=interpreted, Vv=VM code, C=native code)
V  [libjvm.so+0x6bd1ef]
V  [libjvm.so+0x2be6c8]
V  [libjvm.so+0x33a2fd]
V  [libjvm.so+0x338e3e]
V  [libjvm.so+0x338bd3]
V  [libjvm.so+0x5a87c7]
V  [libjvm.so+0x697695]
V  [libjvm.so+0x69732a]
V  [libjvm.so+0x377cd0]
V  [libjvm.so+0x67f5af]
V  [libjvm.so+0x3def30]
C  [libmwjmi.so+0x41663]  _Z9InitSunVMN5boost8optionalIKSt6vectorISsSaISsEEEE+0x993
C  [libmwjmi.so+0x421af]
C  [libmwjmi.so+0x422cb]
C  [libmwjmi.so+0x2eddd]  _Z7mljInitv+0x1d
C  [libmwmcr.so+0x4184a]
C  [libmwmcr.so+0x32962]
C  [libmwmcr.so+0x32b1a]


---------------  P R O C E S S  ---------------

Java Threads: ( => current thread )

Other Threads:

=>0x00007faea8440000 (exited) JavaThread "Unknown thread" [_thread_in_vm, id=15243, stack(0x00007faeb6a54000,0x00007faeb7455000)]

VM state:not at safepoint (not fully initialized)

VM Mutex/Monitor currently owned by a thread: None

Dynamic libraries:
00400000-00404000 r-xp 00000000 00:21 621917                             /nfs/stak/a1/rhel5apps/matlab2011b/bin/glnxa64/MATLAB
00603000-00604000 rw-p 00003000 00:21 621917                             /nfs/stak/a1/rhel5apps/matlab2011b/bin/glnxa64/MATLAB
01a15000-01b5f000 rw-p 00000000 00:00 0                                  [heap]
3970a00000-3970a20000 r-xp 00000000 fd:00 133081                         /lib64/ld-2.12.so
3970c1f000-3970c20000 r--p 0001f000 fd:00 133081                         /lib64/ld-2.12.so
3970c20000-3970c21000 rw-p 00020000 fd:00 133081                         /lib64/ld-2.12.so
3970c21000-3970c22000 rw-p 00000000 00:00 0 
3970e00000-3970f89000 r-xp 00000000 fd:00 138188                         /lib64/libc-2.12.so
3970f89000-3971189000 ---p 00189000 fd:00 138188                         /lib64/libc-2.12.so
3971189000-397118d000 r--p 00189000 fd:00 138188                         /lib64/libc-2.12.so
397118d000-397118e000 rw-p 0018d000 fd:00 138188                         /lib64/libc-2.12.so
397118e000-3971193000 rw-p 00000000 00:00 0 
3971200000-3971283000 r-xp 00000000 fd:00 138189                         /lib64/libm-2.12.so
3971283000-3971482000 ---p 00083000 fd:00 138189                         /lib64/libm-2.12.so
3971482000-3971483000 r--p 00082000 fd:00 138189                         /lib64/libm-2.12.so
3971483000-3971484000 rw-p 00083000 fd:00 138189                         /lib64/libm-2.12.so
3971600000-3971602000 r-xp 00000000 fd:00 138193                         /lib64/libdl-2.12.so
3971602000-3971802000 ---p 00002000 fd:00 138193                         /lib64/libdl-2.12.so
3971802000-3971803000 r--p 00002000 fd:00 138193                         /lib64/libdl-2.12.so
3971803000-3971804000 rw-p 00003000 fd:00 138193                         /lib64/libdl-2.12.so
3971a00000-3971a17000 r-xp 00000000 fd:00 138192                         /lib64/libpthread-2.12.so
3971a17000-3971c17000 ---p 00017000 fd:00 138192                         /lib64/libpthread-2.12.so
3971c17000-3971c18000 r--p 00017000 fd:00 138192                         /lib64/libpthread-2.12.so
3971c18000-3971c19000 rw-p 00018000 fd:00 138192                         /lib64/libpthread-2.12.so
3971c19000-3971c1d000 rw-p 00000000 00:00 0 
3971e00000-3971e15000 r-xp 00000000 fd:00 138190                         /lib64/libz.so.1.2.3
3971e15000-3972014000 ---p 00015000 fd:00 138190                         /lib64/libz.so.1.2.3
3972014000-3972015000 r--p 00014000 fd:00 138190                         /lib64/libz.so.1.2.3
3972015000-3972016000 rw-p 00015000 fd:00 138190                         /lib64/libz.so.1.2.3
3972200000-3972207000 r-xp 00000000 fd:00 138156                         /lib64/librt-2.12.so
3972207000-3972406000 ---p 00007000 fd:00 138156                         /lib64/librt-2.12.so
3972406000-3972407000 r--p 00006000 fd:00 138156                         /lib64/librt-2.12.so
3972407000-3972408000 rw-p 00007000 fd:00 138156                         /lib64/librt-2.12.so
3972e00000-3972e16000 r-xp 00000000 fd:00 138197                         /lib64/libresolv-2.12.so
3972e16000-3973016000 ---p 00016000 fd:00 138197                         /lib64/libresolv-2.12.so
3973016000-3973017000 r--p 00016000 fd:00 138197                         /lib64/libresolv-2.12.so
3973017000-3973018000 rw-p 00017000 fd:00 138197                         /lib64/libresolv-2.12.so
3973018000-397301a000 rw-p 00000000 00:00 0 
3973200000-3973339000 r-xp 00000000 fd:03 417359                         /usr/lib64/libX11.so.6.3.0
3973339000-3973539000 ---p 00139000 fd:03 417359                         /usr/lib64/libX11.so.6.3.0
3973539000-397353f000 rw-p 00139000 fd:03 417359                         /usr/lib64/libX11.so.6.3.0
3973600000-397361b000 r-xp 00000000 fd:03 417358                         /usr/lib64/libxcb.so.1.1.0
397361b000-397381a000 ---p 0001b000 fd:03 417358                         /usr/lib64/libxcb.so.1.1.0
397381a000-397381b000 rw-p 0001a000 fd:03 417358                         /usr/lib64/libxcb.so.1.1.0
3973a00000-3973a02000 r-xp 00000000 fd:03 393843                         /usr/lib64/libXau.so.6.0.0
3973a02000-3973c02000 ---p 00002000 fd:03 393843                         /usr/lib64/libXau.so.6.0.0
3973c02000-3973c03000 rw-p 00002000 fd:03 393843                         /usr/lib64/libXau.so.6.0.0
3974200000-3974211000 r-xp 00000000 fd:03 417360                         /usr/lib64/libXext.so.6.4.0
3974211000-3974411000 ---p 00011000 fd:03 417360                         /usr/lib64/libXext.so.6.4.0
3974411000-3974412000 rw-p 00011000 fd:03 417360                         /usr/lib64/libXext.so.6.4.0
3977200000-3977218000 r-xp 00000000 fd:03 417364                         /usr/lib64/libXmu.so.6.2.0
3977218000-3977418000 ---p 00018000 fd:03 417364                         /usr/lib64/libXmu.so.6.2.0
3977418000-397741a000 rw-p 00018000 fd:03 417364                         /usr/lib64/libXmu.so.6.2.0
3977e00000-3977e04000 r-xp 00000000 fd:00 132891                         /lib64/libuuid.so.1.3.0
3977e04000-3978003000 ---p 00004000 fd:00 132891                         /lib64/libuuid.so.1.3.0
3978003000-3978004000 rw-p 00003000 fd:00 132891                         /lib64/libuuid.so.1.3.0
3979200000-3979207000 r-xp 00000000 fd:03 417362                         /usr/lib64/libSM.so.6.0.0
3979207000-3979407000 ---p 00007000 fd:03 417362                         /usr/lib64/libSM.so.6.0.0
3979407000-3979408000 rw-p 00007000 fd:03 417362                         /usr/lib64/libSM.so.6.0.0
3979600000-3979617000 r-xp 00000000 fd:03 417361                         /usr/lib64/libICE.so.6.3.0
3979617000-3979817000 ---p 00017000 fd:03 417361                         /usr/lib64/libICE.so.6.3.0
3979817000-3979818000 rw-p 00017000 fd:03 417361                         /usr/lib64/libICE.so.6.3.0
3979818000-397981c000 rw-p 00000000 00:00 0 
397fa00000-397fa1d000 r-xp 00000000 fd:00 138194                         /lib64/libtinfo.so.5.7
397fa1d000-397fc1d000 ---p 0001d000 fd:00 138194                         /lib64/libtinfo.so.5.7
397fc1d000-397fc21000 rw-p 0001d000 fd:00 138194                         /lib64/libtinfo.so.5.7
3980200000-398025d000 r-xp 00000000 fd:00 138206                         /lib64/libfreebl3.so
398025d000-398045c000 ---p 0005d000 fd:00 138206                         /lib64/libfreebl3.so
398045c000-398045d000 r--p 0005c000 fd:00 138206                         /lib64/libfreebl3.so
398045d000-398045e000 rw-p 0005d000 fd:00 138206                         /lib64/libfreebl3.so
398045e000-3980462000 rw-p 00000000 00:00 0 
3980a00000-3980a07000 r-xp 00000000 fd:00 138207                         /lib64/libcrypt-2.12.so
3980a07000-3980c07000 ---p 00007000 fd:00 138207                         /lib64/libcrypt-2.12.so
3980c07000-3980c08000 r--p 00007000 fd:00 138207                         /lib64/libcrypt-2.12.so
3980c08000-3980c09000 rw-p 00008000 fd:00 138207                         /lib64/libcrypt-2.12.so
3980c09000-3980c37000 rw-p 00000000 00:00 0 
3980e00000-3980e22000 r-xp 00000000 fd:00 138215                         /lib64/libncurses.so.5.7
3980e22000-3981021000 ---p 00022000 fd:00 138215                         /lib64/libncurses.so.5.7
3981021000-3981022000 rw-p 00021000 fd:00 138215                         /lib64/libncurses.so.5.7
3981400000-3981416000 r-xp 00000000 fd:00 138234                         /lib64/libnsl-2.12.so
3981416000-3981615000 ---p 00016000 fd:00 138234                         /lib64/libnsl-2.12.so
3981615000-3981616000 r--p 00015000 fd:00 138234                         /lib64/libnsl-2.12.so
3981616000-3981617000 rw-p 00016000 fd:00 138234                         /lib64/libnsl-2.12.so
3981617000-3981619000 rw-p 00000000 00:00 0 
3986200000-398625f000 r-xp 00000000 fd:03 417363                         /usr/lib64/libXt.so.6.0.0
398625f000-398645e000 ---p 0005f000 fd:03 417363                         /usr/lib64/libXt.so.6.0.0
398645e000-3986465000 rw-p 0005e000 fd:03 417363                         /usr/lib64/libXt.so.6.0.0
7fae8bc00000-7fae8d0c0000 rwxp 00000000 00:00 0 
7fae8d0c0000-7fae93c00000 rwxp 00000000 00:00 0 
7fae93c00000-7fae96c00000 rwxp 00000000 00:00 0 
7fae96c00000-7fae9cf00000 rwxp 00000000 00:00 0 
7fae9cf00000-7fae9df00000 rwxp 00000000 00:00 0 
7fae9df00000-7faea0000000 rwxp 00000000 00:00 0 
7faea0000000-7faea0021000 rw-p 00000000 00:00 0 
7faea0021000-7faea4000000 ---p 00000000 00:00 0 
7faea44ac000-7faea44ad000 ---p 00000000 00:00 0 
7faea44ad000-7faea45b8000 rwxp 00000000 00:00 0 
7faea45b8000-7faea45ed000 rwxp 00000000 00:00 0 
7faea45ed000-7faea485d000 rwxp 00000000 00:00 0 
7faea485d000-7faea75ed000 rwxp 00000000 00:00 0 
7faea75ed000-7faea7d4b000 r-xp 00000000 00:21 633939                     /nfs/stak/a1/rhel5apps/matlab2011b/sys/java/jre/glnxa64/jre/lib/amd64/server/libjvm.so
7faea7d4b000-7faea7e4a000 ---p 0075e000 00:21 633939                     /nfs/stak/a1/rhel5apps/matlab2011b/sys/java/jre/glnxa64/jre/lib/amd64/server/libjvm.so
7faea7e4a000-7faea7fc2000 rw-p 0075d000 00:21 633939                     /nfs/stak/a1/rhel5apps/matlab2011b/sys/java/jre/glnxa64/jre/lib/amd64/server/libjvm.so
7faea7fc2000-7faea8000000 rw-p 00000000 00:00 0 
7faea8000000-7faea84ef000 rw-p 00000000 00:00 0 
7faea84ef000-7faeac000000 ---p 00000000 00:00 0 
7faeac000000-7faeac021000 rw-p 00000000 00:00 0 
7faeac021000-7faeb0000000 ---p 00000000 00:00 0 
7faeb0000000-7faeb0021000 rw-p 00000000 00:00 0 
7faeb0021000-7faeb4000000 ---p 00000000 00:00 0 
7faeb4006000-7faeb401e000 rwxp 00000000 00:00 0 
7faeb401e000-7faeb4050000 rwxp 00000000 00:00 0 
7faeb4050000-7faeb405b000 rwxp 00000000 00:00 0 
7faeb405b000-7faeb4090000 rwxp 00000000 00:00 0 
7faeb4090000-7faeb40a8000 rwxp 00000000 00:00 0 
7faeb40a8000-7faeb40d9000 rwxp 00000000 00:00 0 
7faeb40d9000-7faeb40e2000 rwxp 00000000 00:00 0 
7faeb40e2000-7faeb40f2000 rwxp 00000000 00:00 0 
7faeb40f2000-7faeb40fd000 rwxp 00000000 00:00 0 
7faeb40fd000-7faeb41b3000 rwxp 00000000 00:00 0 
7faeb41b3000-7faeb41c1000 r-xp 00000000 00:21 633932                     /nfs/stak/a1/rhel5apps/matlab2011b/sys/java/jre/glnxa64/jre/lib/amd64/libzip.so
7faeb41c1000-7faeb42c3000 ---p 0000e000 00:21 633932                     /nfs/stak/a1/rhel5apps/matlab2011b/sys/java/jre/glnxa64/jre/lib/amd64/libzip.so
7faeb42c3000-7faeb42c6000 rw-p 00010000 00:21 633932                     /nfs/stak/a1/rhel5apps/matlab2011b/sys/java/jre/glnxa64/jre/lib/amd64/libzip.so
7faeb42c6000-7faeb42c7000 rw-p 00000000 00:00 0 
7faeb42c7000-7faeb42ce000 r-xp 00000000 00:21 633936                     /nfs/stak/a1/rhel5apps/matlab2011b/sys/java/jre/glnxa64/jre/lib/amd64/native_threads/libhpi.so
7faeb42ce000-7faeb43cf000 ---p 00007000 00:21 633936                     /nfs/stak/a1/rhel5apps/matlab2011b/sys/java/jre/glnxa64/jre/lib/amd64/native_threads/libhpi.so
7faeb43cf000-7faeb43d1000 rw-p 00008000 00:21 633936                     /nfs/stak/a1/rhel5apps/matlab2011b/sys/java/jre/glnxa64/jre/lib/amd64/native_threads/libhpi.so
7faeb43d1000-7faeb43d2000 rw-p 00000000 00:00 0 
7faeb43d2000-7faeb43df000 r-xp 00000000 00:21 633931                     /nfs/stak/a1/rhel5apps/matlab2011b/sys/java/jre/glnxa64/jre/lib/amd64/libverify.so
7faeb43df000-7faeb44de000 ---p 0000d000 00:21 633931                     /nfs/stak/a1/rhel5apps/matlab2011b/sys/java/jre/glnxa64/jre/lib/amd64/libverify.so
7faeb44de000-7faeb44e1000 rw-p 0000c000 00:21 633931                     /nfs/stak/a1/rhel5apps/matlab2011b/sys/java/jre/glnxa64/jre/lib/amd64/libverify.so
7faeb44e1000-7faeb450a000 r-xp 00000000 00:21 633911                     /nfs/stak/a1/rhel5apps/matlab2011b/sys/java/jre/glnxa64/jre/lib/amd64/libjava.so
7faeb450a000-7faeb4609000 ---p 00029000 00:21 633911                     /nfs/stak/a1/rhel5apps/matlab2011b/sys/java/jre/glnxa64/jre/lib/amd64/libjava.so
7faeb4609000-7faeb4610000 rw-p 00028000 00:21 633911                     /nfs/stak/a1/rhel5apps/matlab2011b/sys/java/jre/glnxa64/jre/lib/amd64/libjava.so
7faeb4610000-7faeb4611000 ---p 00000000 00:00 0 
7faeb4611000-7faeb5011000 rwxp 00000000 00:00 0 
7faeb5011000-7faeb5012000 ---p 00000000 00:00 0 
7faeb5012000-7faeb5a12000 rwxp 00000000 00:00 0 
7faeb5a12000-7faeb5a17000 r-xp 00000000 fd:00 133145                     /lib64/libnss_dns-2.12.so
7faeb5a17000-7faeb5c16000 ---p 00005000 fd:00 133145                     /lib64/libnss_dns-2.12.so
7faeb5c16000-7faeb5c17000 r--p 00004000 fd:00 133145                     /lib64/libnss_dns-2.12.so
7faeb5c17000-7faeb5c18000 rw-p 00005000 fd:00 133145                     /lib64/libnss_dns-2.12.so
7faeb5c18000-7faeb5c1e000 r-xp 00000000 fd:00 131130                     /lib64/libnss_sss.so.2
7faeb5c1e000-7faeb5e1d000 ---p 00006000 fd:00 131130                     /lib64/libnss_sss.so.2
7faeb5e1d000-7faeb5e1e000 rw-p 00005000 fd:00 131130                     /lib64/libnss_sss.so.2
7faeb5e1e000-7faeb5e2a000 r-xp 00000000 fd:00 135660                     /lib64/libnss_files-2.12.so
7faeb5e2a000-7faeb602a000 ---p 0000c000 fd:00 135660                     /lib64/libnss_files-2.12.so
7faeb602a000-7faeb602b000 r--p 0000c000 fd:00 135660                     /lib64/libnss_files-2.12.so
7faeb602b000-7faeb602c000 rw-p 0000d000 fd:00 135660                     /lib64/libnss_files-2.12.so
7faeb6049000-7faeb6051000 rw-s 00000000 fd:02 408                        /tmp/hsperfdata_uberj/15168
7faeb6051000-7faeb6052000 rw-p 00000000 00:00 0 
7faeb6052000-7faeb6053000 r--p 00000000 00:00 0 
7faeb6053000-7faeb6054000 ---p 00000000 00:00 0 
7faeb6054000-7faeb6a54000 rwxp 00000000 00:00 0 
7faeb6a54000-7faeb6a57000 ---p 00000000 00:00 0 
7faeb6a57000-7faeb7455000 rwxp 00000000 00:00 0 
7faeb7455000-7faeb7556000 rw-p 00000000 00:00 0 
7faeb7556000-7faeb7557000 ---p 00000000 00:00 0 
7faeb7557000-7faeb7d27000 rwxp 00000000 00:00 0 
7faeb7d27000-7faeb7d29000 r-xp 00000000 00:21 622552                     /nfs/stak/a1/rhel5apps/matlab2011b/bin/glnxa64/mklcompat.so
7faeb7d29000-7faeb7f28000 ---p 00002000 00:21 622552                     /nfs/stak/a1/rhel5apps/matlab2011b/bin/glnxa64/mklcompat.so
7faeb7f28000-7faeb7f29000 rw-p 00001000 00:21 622552                     /nfs/stak/a1/rhel5apps/matlab2011b/bin/glnxa64/mklcompat.so
7faeb7f29000-7faeb7ff9000 r-xp 00000000 00:21 635111                     /nfs/stak/a1/rhel5apps/matlab2011b/sys/os/glnxa64/libiomp5.so
7faeb7ff9000-7faeb80f8000 ---p 000d0000 00:21 635111                     /nfs/stak/a1/rhel5apps/matlab2011b/sys/os/glnxa64/libiomp5.so
7faeb80f8000-7faeb8101000 rw-p 000cf000 00:21 635111                     /nfs/stak/a1/rhel5apps/matlab2011b/sys/os/glnxa64/libiomp5.so
7faeb8101000-7faeb8108000 rw-p 00000000 00:00 0 
7faeb8108000-7faeba01a000 r-xp 00000000 00:21 622551                     /nfs/stak/a1/rhel5apps/matlab2011b/bin/glnxa64/mkl.so
7faeba01a000-7faeba21a000 ---p 01f12000 00:21 622551                     /nfs/stak/a1/rhel5apps/matlab2011b/bin/glnxa64/mkl.so
7faeba21a000-7faeba25e000 rw-p 01f12000 00:21 622551                     /nfs/stak/a1/rhel5apps/matlab2011b/bin/glnxa64/mkl.so
7faeba25e000-7faeba263000 rw-p 00000000 00:00 0 
7faeba263000-7faec00f4000 r--p 00000000 fd:03 161262                     /usr/lib/locale/locale-archive
7faec00f4000-7faec00fb000 rw-p 00000000 00:00 0 
7faec00fb000-7faec0101000 r-xp 00000000 00:21 622090                     /nfs/stak/a1/rhel5apps/matlab2011b/bin/glnxa64/libmwcolamd.so
7faec0101000-7faec0300000 ---p 00006000 00:21 622090                     /nfs/stak/a1/rhel5apps/matlab2011b/bin/glnxa64/libmwcolamd.so
7faec0300000-7faec0301000 rw-p 00005000 00:21 622090                     /nfs/stak/a1/rhel5apps/matlab2011b/bin/glnxa64/libmwcolamd.so
7faec0301000-7faec0302000 rw-p 00000000 00:00 0 
7faec0302000-7faec030a000 r-xp 00000000 00:21 622063                     /nfs/stak/a1/rhel5apps/matlab2011b/bin/glnxa64/libmwamd.so
7faec030a000-7faec0509000 ---p 00008000 00:21 622063                     /nfs/stak/a1/rhel5apps/matlab2011b/bin/glnxa64/libmwamd.so
7faec0509000-7faec050a000 rw-p 00007000 00:21 622063                     /nfs/stak/a1/rhel5apps/matlab2011b/bin/glnxa64/libmwamd.so
7faec050a000-7faec050b000 rw-p 00000000 00:00 0 
7faec050b000-7faec054e000 r-xp 00000000 00:21 622087                     /nfs/stak/a1/rhel5apps/matlab2011b/bin/glnxa64/libmwcholmod.so
7faec054e000-7faec074e000 ---p 00043000 00:21 622087                     /nfs/stak/a1/rhel5apps/matlab2011b/bin/glnxa64/libmwcholmod.so
7faec074e000-7faec074f000 rw-p 00043000 00:21 622087                     /nfs/stak/a1/rhel5apps/matlab2011b/bin/glnxa64/libmwcholmod.so
7faec074f000-7faec0761000 r-xp 00000000 00:21 622070                     /nfs/stak/a1/rhel5apps/matlab2011b/bin/glnxa64/libmwblas.so
7faec0761000-7faec0960000 ---p 00012000 00:21 622070                     /nfs/stak/a1/rhel5apps/matlab2011b/bin/glnxa64/libmwblas.so
7faec0960000-7faec0962000 rw-p 00011000 00:21 622070                     /nfs/stak/a1/rhel5apps/matlab2011b/bin/glnxa64/libmwblas.so
7faec0962000-7faec0964000 rw-p 00000000 00:00 0 
7faec0964000-7faec0968000 r-xp 00000000 00:21 622227                     /nfs/stak/a1/rhel5apps/matlab2011b/bin/glnxa64/libmwompwrapper.so
7faec0968000-7faec0b67000 ---p 00004000 00:21 622227                     /nfs/stak/a1/rhel5apps/matlab2011b/bin/glnxa64/libmwompwrapper.so
7faec0b67000-7faec0b68000 rw-p 00003000 00:21 622227                     /nfs/stak/a1/rhel5apps/matlab2011b/bin/glnxa64/libmwompwrapper.so
7faec0b68000-7faec0b71000 r-xp 00000000 00:21 622068                     /nfs/stak/a1/rhel5apps/matlab2011b/bin/glnxa64/libmwbinder.so
7faec0b71000-7faec0d70000 ---p 00009000 00:21 622068                     /nfs/stak/a1/rhel5apps/matlab2011b/bin/glnxa64/libmwbinder.so
7faec0d70000-7faec0d71000 rw-p 00008000 00:21 622068                     /nfs/stak/a1/rhel5apps/matlab2011b/bin/glnxa64/libmwbinder.so
7faec0d71000-7faec0d72000 rw-p 00000000 00:00 0 
7faec0d72000-7faec0e39000 r-xp 00000000 00:21 622183                     /nfs/stak/a1/rhel5apps/matlab2011b/bin/glnxa64/libmwmathcore.so
7faec0e39000-7faec1039000 ---p 000c7000 00:21 622183                     /nfs/stak/a1/rhel5apps/matlab2011b/bin/glnxa64/libmwmathcore.so
7faec1039000-7faec103d000 rw-p 000c7000 00:21 622183                     /nfs/stak/a1/rhel5apps/matlab2011b/bin/glnxa64/libmwmathcore.so
7faec103d000-7faec103f000 rw-p 00000000 00:00 0 
7faec103f000-7faec12c9000 r-xp 00000000 00:21 621999                     /nfs/stak/a1/rhel5apps/matlab2011b/bin/glnxa64/libhdf5.so.6.0.5
7faec12c9000-7faec14c9000 ---p 0028a000 00:21 621999                     /nfs/stak/a1/rhel5apps/matlab2011b/bin/glnxa64/libhdf5.so.6.0.5
7faec14c9000-7faec14d4000 rw-p 0028a000 00:21 621999                     /nfs/stak/a1/rhel5apps/matlab2011b/bin/glnxa64/libhdf5.so.6.0.5
7faec14d4000-7faec14d5000 rw-p 00000000 00:00 0 
7faec14d5000-7faec14f0000 r-xp 00000000 00:21 622000                     /nfs/stak/a1/rhel5apps/matlab2011b/bin/glnxa64/libhdf5_hl.so.6.0.5
7faec14f0000-7faec16f0000 ---p 0001b000 00:21 622000                     /nfs/stak/a1/rhel5apps/matlab2011b/bin/glnxa64/libhdf5_hl.so.6.0.5
7faec16f0000-7faec16f1000 rw-p 0001b000 00:21 622000                     /nfs/stak/a1/rhel5apps/matlab2011b/bin/glnxa64/libhdf5_hl.so.6.0.5
7faec16f1000-7faec1704000 rw-p 00000000 00:00 0 
7faec1704000-7faec1985000 r-xp 00000000 00:21 635104                     /nfs/stak/a1/rhel5apps/matlab2011b/sys/os/glnxa64/libXm.so.3.0.2
7faec1985000-7faec1b85000 ---p 00281000 00:21 635104                     /nfs/stak/a1/rhel5apps/matlab2011b/sys/os/glnxa64/libXm.so.3.0.2
7faec1b85000-7faec1baf000 rw-p 00281000 00:21 635104                     /nfs/stak/a1/rhel5apps/matlab2011b/sys/os/glnxa64/libXm.so.3.0.2
7faec1baf000-7faec1bb0000 rw-p 00000000 00:00 0 
7faec1bb0000-7faec1c59000 r-xp 00000000 00:21 622168                     /nfs/stak/a1/rhel5apps/matlab2011b/bin/glnxa64/libmwlapack.so
7faec1c59000-7faec1e58000 ---p 000a9000 00:21 622168                     /nfs/stak/a1/rhel5apps/matlab2011b/bin/glnxa64/libmwlapack.so
7faec1e58000-7faec1e61000 rw-p 000a8000 00:21 622168                     /nfs/stak/a1/rhel5apps/matlab2011b/bin/glnxa64/libmwlapack.so
7faec1e61000-7faec1e62000 rw-p 00000000 00:00 0 
7faec1e62000-7faec20a2000 r-xp 00000000 00:21 622154                     /nfs/stak/a1/rhel5apps/matlab2011b/bin/glnxa64/libmwhgdatatypes.so
7faec20a2000-7faec22a2000 ---p 00240000 00:21 622154                     /nfs/stak/a1/rhel5apps/matlab2011b/bin/glnxa64/libmwhgdatatypes.so
7faec22a2000-7faec22bf000 rw-p 00240000 00:21 622154                     /nfs/stak/a1/rhel5apps/matlab2011b/bin/glnxa64/libmwhgdatatypes.so
7faec22bf000-7faec22c0000 rw-p 00000000 00:00 0 
7faec22c0000-7faec22f1000 r-xp 00000000 00:21 622150                     /nfs/stak/a1/rhel5apps/matlab2011b/bin/glnxa64/libmwhardcopy.so
7faec22f1000-7faec24f0000 ---p 00031000 00:21 622150                     /nfs/stak/a1/rhel5apps/matlab2011b/bin/glnxa64/libmwhardcopy.so
7faec24f0000-7faec24f2000 rw-p 00030000 00:21 622150                     /nfs/stak/a1/rhel5apps/matlab2011b/bin/glnxa64/libmwhardcopy.so
7faec24f2000-7faec24f4000 rw-p 00000000 00:00 0 
7faec24f4000-7faec2504000 r-xp 00000000 00:21 622147                     /nfs/stak/a1/rhel5apps/matlab2011b/bin/glnxa64/libmwgraphics_util.so
7faec2504000-7faec2703000 ---p 00010000 00:21 622147                     /nfs/stak/a1/rhel5apps/matlab2011b/bin/glnxa64/libmwgraphics_util.so
7faec2703000-7faec2705000 rw-p 0000f000 00:21 622147                     /nfs/stak/a1/rhel5apps/matlab2011b/bin/glnxa64/libmwgraphics_util.so
7faec2705000-7faec2716000 r-xp 00000000 00:21 622165                     /nfs/stak/a1/rhel5apps/matlab2011b/bin/glnxa64/libmwir_xfmr.so
7faec2716000-7faec2916000 ---p 00011000 00:21 622165                     /nfs/stak/a1/rhel5apps/matlab2011b/bin/glnxa64/libmwir_xfmr.so
7faec2916000-7faec2917000 rw-p 00011000 00:21 622165                     /nfs/stak/a1/rhel5apps/matlab2011b/bin/glnxa64/libmwir_xfmr.so
7faec2917000-7faec291a000 rw-p 00000000 00:00 0 
7faec291a000-7faec2982000 r-xp 00000000 00:21 622468                     /nfs/stak/a1/rhel5apps/matlab2011b/bin/glnxa64/libmwspmatrix.so
7faec2982000-7faec2b82000 ---p 00068000 00:21 622468                     /nfs/stak/a1/rhel5apps/matlab2011b/bin/glnxa64/libmwspmatrix.so
7faec2b82000-7faec2b83000 rw-p 00068000 00:21 622468                     /nfs/stak/a1/rhel5apps/matlab2011b/bin/glnxa64/libmwspmatrix.so
7faec2b83000-7faec2ba2000 r-xp 00000000 00:21 622176                     /nfs/stak/a1/rhel5apps/matlab2011b/bin/glnxa64/libmwm_pcodegen.so
7faec2ba2000-7faec2da2000 ---p 0001f000 00:21 622176                     /nfs/stak/a1/rhel5apps/matlab2011b/bin/glnxa64/libmwm_pcodegen.so
7faec2da2000-7faec2da4000 rw-p 0001f000 00:21 622176                     /nfs/stak/a1/rhel5apps/matlab2011b/bin/glnxa64/libmwm_pcodegen.so
7faec2da4000-7faec2dbb000 r-xp 00000000 00:21 622177                     /nfs/stak/a1/rhel5apps/matlab2011b/bin/glnxa64/libmwm_pcodeio.so
7faec2dbb000-7faec2fba000 ---p 00017000 00:21 622177                     /nfs/stak/a1/rhel5apps/matlab2011b/bin/glnxa64/libmwm_pcodeio.so
7faec2fba000-7faec2fbc000 rw-p 00016000 00:21 622177                     /nfs/stak/a1/rhel5apps/matlab2011b/bin/glnxa64/libmwm_pcodeio.so
7faec2fbc000-7faec2fbd000 rw-p 00000000 00:00 0 
7faec2fbd000-7faec2fcb000 r-xp 00000000 00:21 622202                     /nfs/stak/a1/rhel5apps/matlab2011b/bin/glnxa64/libmwmlib.so
7faec2fcb000-7faec31ca000 ---p 0000e000 00:21 622202                     /nfs/stak/a1/rhel5apps/matlab2011b/bin/glnxa64/libmwmlib.so
7faec31ca000-7faec31cc000 rw-p 0000d000 00:21 622202                     /nfs/stak/a1/rhel5apps/matlab2011b/bin/glnxa64/libmwmlib.so
7faec31cc000-7faec31f7000 r-xp 00000000 00:21 622188                     /nfs/stak/a1/rhel5apps/matlab2011b/bin/glnxa64/libmwmathrng.so
7faec31f7000-7faec33f6000 ---p 0002b000 00:21 622188                     /nfs/stak/a1/rhel5apps/matlab2011b/bin/glnxa64/libmwmathrng.so
7faec33f6000-7faec33f8000 rw-p 0002a000 00:21 622188                     /nfs/stak/a1/rhel5apps/matlab2011b/bin/glnxa64/libmwmathrng.so
7faec33f8000-7faec33fa000 rw-p 00000000 00:00 0 
7faec33fa000-7faec3437000 r-xp 00000000 00:21 622288                     /nfs/stak/a1/rhel5apps/matlab2011b/bin/glnxa64/libmwprofiler.so
7faec3437000-7faec3637000 ---p 0003d000 00:21 622288                     /nfs/stak/a1/rhel5apps/matlab2011b/bin/glnxa64/libmwprofiler.so
7faec3637000-7faec363a000 rw-p 0003d000 00:21 622288                     /nfs/stak/a1/rhel5apps/matlab2011b/bin/glnxa64/libmwprofiler.so
7faec363a000-7faec363b000 rw-p 00000000 00:00 0 
7faec363b000-7faec367a000 r-xp 00000000 00:21 622029                     /nfs/stak/a1/rhel5apps/matlab2011b/bin/glnxa64/libmat.so
7faec367a000-7faec387a000 ---p 0003f000 00:21 622029                     /nfs/stak/a1/rhel5apps/matlab2011b/bin/glnxa64/libmat.so
7faec387a000-7faec387d000 rw-p 0003f000 00:21 622029                     /nfs/stak/a1/rhel5apps/matlab2011b/bin/glnxa64/libmat.so
7faec387d000-7faec3c38000 r-xp 00000000 00:21 622546                     /nfs/stak/a1/rhel5apps/matlab2011b/bin/glnxa64/libxerces-c.so.27.0
7faec3c38000-7faec3e37000 ---p 003bb000 00:21 622546                     /nfs/stak/a1/rhel5apps/matlab2011b/bin/glnxa64/libxerces-c.so.27.0
7faec3e37000-7faec3e7b000 rw-p 003ba000 00:21 622546                     /nfs/stak/a1/rhel5apps/matlab2011b/bin/glnxa64/libxerces-c.so.27.0
7faec3e7b000-7faec3e7d000 rw-p 00000000 00:00 0 
7faec3e7d000-7faec3eed000 r-xp 00000000 00:21 622492                     /nfs/stak/a1/rhel5apps/matlab2011b/bin/glnxa64/libmwxmlcore.so
7faec3eed000-7faec40ec000 ---p 00070000 00:21 622492                     /nfs/stak/a1/rhel5apps/matlab2011b/bin/glnxa64/libmwxmlcore.so
7faec40ec000-7faec40f4000 rw-p 0006f000 00:21 622492                     /nfs/stak/a1/rhel5apps/matlab2011b/bin/glnxa64/libmwxmlcore.so
7faec40f4000-7faec40f5000 rw-p 00000000 00:00 0 
7faec40f5000-7faec410e000 r-xp 00000000 00:21 621962                     /nfs/stak/a1/rhel5apps/matlab2011b/bin/glnxa64/libboost_iostreams.so.1.44.0
7faec410e000-7faec430d000 ---p 00019000 00:21 621962                     /nfs/stak/a1/rhel5apps/matlab2011b/bin/glnxa64/libboost_iostreams.so.1.44.0
7faec430d000-7faec430f000 rw-p 00018000 00:21 621962                     /nfs/stak/a1/rhel5apps/matlab2011b/bin/glnxa64/libboost_iostreams.so.1.44.0
7faec430f000-7faec4310000 rw-p 00000000 00:00 0 
7faec4310000-7faec4482000 r-xp 00000000 00:21 622488                     /nfs/stak/a1/rhel5apps/matlab2011b/bin/glnxa64/libmwuix.so
7faec4482000-7faec4681000 ---p 00172000 00:21 622488                     /nfs/stak/a1/rhel5apps/matlab2011b/bin/glnxa64/libmwuix.so
7faec4681000-7faec4696000 rw-p 00171000 00:21 622488                     /nfs/stak/a1/rhel5apps/matlab2011b/bin/glnxa64/libmwuix.so
7faec4696000-7faec469b000 rw-p 00000000 00:00 0 
7faec469b000-7faec46f0000 r-xp 00000000 00:21 622174                     /nfs/stak/a1/rhel5apps/matlab2011b/bin/glnxa64/libmwm_ir.so
7faec46f0000-7faec48f0000 ---p 00055000 00:21 622174                     /nfs/stak/a1/rhel5apps/matlab2011b/bin/glnxa64/libmwm_ir.so
7faec48f0000-7faec48f8000 rw-p 00055000 00:21 622174                     /nfs/stak/a1/rhel5apps/matlab2011b/bin/glnxa64/libmwm_ir.so
7faec48f8000-7faec48fd000 r-xp 00000000 00:21 622487                     /nfs/stak/a1/rhel5apps/matlab2011b/bin/glnxa64/libmwuinone.so
7faec48fd000-7faec4afd000 ---p 00005000 00:21 622487                     /nfs/stak/a1/rhel5apps/matlab2011b/bin/glnxa64/libmwuinone.so
7faec4afd000-7faec4afe000 rw-p 00005000 00:21 622487                     /nfs/stak/a1/rhel5apps/matlab2011b/bin/glnxa64/libmwuinone.so
7faec4afe000-7faec4aff000 rw-p 00000000 00:00 0 
7faec4aff000-7faec4ba5000 r-xp 00000000 00:21 622486                     /nfs/stak/a1/rhel5apps/matlab2011b/bin/glnxa64/libmwudd_mi.so
7faec4ba5000-7faec4da4000 ---p 000a6000 00:21 622486                     /nfs/stak/a1/rhel5apps/matlab2011b/bin/glnxa64/libmwudd_mi.so
7faec4da4000-7faec4db0000 rw-p 000a5000 00:21 622486                     /nfs/stak/a1/rhel5apps/matlab2011b/bin/glnxa64/libmwudd_mi.so
7faec4db0000-7faec4db1000 rw-p 00000000 00:00 0 
7faec4db1000-7faec4dfa000 r-xp 00000000 00:21 622544                     /nfs/stak/a1/rhel5apps/matlab2011b/bin/glnxa64/libuij.so
7faec4dfa000-7faec4ffa000 ---p 00049000 00:21 622544                     /nfs/stak/a1/rhel5apps/matlab2011b/bin/glnxa64/libuij.so
7faec4ffa000-7faec4ffd000 rw-p 00049000 00:21 622544                     /nfs/stak/a1/rhel5apps/matlab2011b/bin/glnxa64/libuij.so
7faec4ffd000-7faec5109000 r-xp 00000000 00:21 622156                     /nfs/stak/a1/rhel5apps/matlab2011b/bin/glnxa64/libmwhgutils.so
7faec5109000-7faec5308000 ---p 0010c000 00:21 622156                     /nfs/stak/a1/rhel5apps/matlab2011b/bin/glnxa64/libmwhgutils.so
7faec5308000-7faec531c000 rw-p 0010b000 00:21 622156                     /nfs/stak/a1/rhel5apps/matlab2011b/bin/glnxa64/libmwhgutils.so
7faec531c000-7faec531e000 rw-p 00000000 00:00 0 
7faec531e000-7faec6068000 r-xp 00000000 00:21 622152                     /nfs/stak/a1/rhel5apps/matlab2011b/bin/glnxa64/libmwhg.so
7faec6068000-7faec6267000 ---p 00d4a000 00:21 622152                     /nfs/stak/a1/rhel5apps/matlab2011b/bin/glnxa64/libmwhg.so
7faec6267000-7faec637e000 rw-p 00d49000 00:21 622152                     /nfs/stak/a1/rhel5apps/matlab2011b/bin/glnxa64/libmwhg.so
7faec637e000-7faec638c000 rw-p 00000000 00:00 0 
7faec638c000-7faec6493000 r-xp 00000000 00:21 622148                     /nfs/stak/a1/rhel5apps/matlab2011b/bin/glnxa64/libmwgui.so
7faec6493000-7faec6692000 ---p 00107000 00:21 622148                     /nfs/stak/a1/rhel5apps/matlab2011b/bin/glnxa64/libmwgui.so
7faec6692000-7faec66ce000 rw-p 00106000 00:21 622148                     /nfs/stak/a1/rhel5apps/matlab2011b/bin/glnxa64/libmwgui.so
7faec66ce000-7faec66cf000 rw-p 00000000 00:00 0 
7faec66cf000-7faec6940000 r-xp 00000000 00:21 622197                     /nfs/stak/a1/rhel5apps/matlab2011b/bin/glnxa64/libmwmcos.so
7faec6940000-7faec6b3f000 ---p 00271000 00:21 622197                     /nfs/stak/a1/rhel5apps/matlab2011b/bin/glnxa64/libmwmcos.so
7faec6b3f000-7faec6b6a000 rw-p 00270000 00:21 622197                     /nfs/stak/a1/rhel5apps/matlab2011b/bin/glnxa64/libmwmcos.so
7faec6b6a000-7faec6b6b000 rw-p 00000000 00:00 0 
7faec6b6b000-7faec6b72000 r-xp 00000000 00:21 622214                     /nfs/stak/a1/rhel5apps/matlab2011b/bin/glnxa64/libmwmtok.so
7faec6b72000-7faec6d72000 ---p 00007000 00:21 622214                     /nfs/stak/a1/rhel5apps/matlab2011b/bin/glnxa64/libmwmtok.so
7faec6d72000-7faec6d73000 rw-p 00007000 00:21 622214                     /nfs/stak/a1/rhel5apps/matlab2011b/bin/glnxa64/libmwmtok.so
7faec6d73000-7faec6dee000 r-xp 00000000 00:21 622203                     /nfs/stak/a1/rhel5apps/matlab2011b/bin/glnxa64/libmwmlint.so
7faec6dee000-7faec6fed000 ---p 0007b000 00:21 622203                     /nfs/stak/a1/rhel5apps/matlab2011b/bin/glnxa64/libmwmlint.so
7faec6fed000-7faec6ff5000 rw-p 0007a000 00:21 622203                     /nfs/stak/a1/rhel5apps/matlab2011b/bin/glnxa64/libmwmlint.so
7faec6ff5000-7faec6ff6000 rw-p 00000000 00:00 0 
7faec6ff6000-7faec70da000 r-xp 00000000 00:21 622485                     /nfs/stak/a1/rhel5apps/matlab2011b/bin/glnxa64/libmwudd.so
7faec70da000-7faec72d9000 ---p 000e4000 00:21 622485                     /nfs/stak/a1/rhel5apps/matlab2011b/bin/glnxa64/libmwudd.so
7faec72d9000-7faec72f1000 rw-p 000e3000 00:21 622485                     /nfs/stak/a1/rhel5apps/matlab2011b/bin/glnxa64/libmwudd.so
7faec72f1000-7faec72f3000 rw-p 00000000 00:00 0 
7faec72f3000-7faec7551000 r-xp 00000000 00:21 622175                     /nfs/stak/a1/rhel5apps/matlab2011b/bin/glnxa64/libmwm_parser.so
7faec7551000-7faec7751000 ---p 0025e000 00:21 622175                     /nfs/stak/a1/rhel5apps/matlab2011b/bin/glnxa64/libmwm_parser.so
7faec7751000-7faec7be7000 rw-p 0025e000 00:21 622175                     /nfs/stak/a1/rhel5apps/matlab2011b/bin/glnxa64/libmwm_parser.so
7faec7be7000-7faec7bf7000 r-xp 00000000 00:21 622030                     /nfs/stak/a1/rhel5apps/matlab2011b/bin/glnxa64/libmex.so
7faec7bf7000-7faec7df6000 ---p 00010000 00:21 622030                     /nfs/stak/a1/rhel5apps/matlab2011b/bin/glnxa64/libmex.so
7faec7df6000-7faec7df8000 rw-p 0000f000 00:21 622030                     /nfs/stak/a1/rhel5apps/matlab2011b/bin/glnxa64/libmex.so
7faec7df8000-7faec7df9000 rw-p 00000000 00:00 0 
7faec7df9000-7faec7dfa000 r-xp 00000000 00:21 622219                     /nfs/stak/a1/rhel5apps/matlab2011b/bin/glnxa64/libmwnativejava_services.so
7faec7dfa000-7faec7ffa000 ---p 00001000 00:21 622219                     /nfs/stak/a1/rhel5apps/matlab2011b/bin/glnxa64/libmwnativejava_services.so
7faec7ffa000-7faec7ffb000 rw-p 00001000 00:21 622219                     /nfs/stak/a1/rhel5apps/matlab2011b/bin/glnxa64/libmwnativejava_services.so
7faec7ffb000-7faec818c000 r-xp 00000000 00:21 622163                     /nfs/stak/a1/rhel5apps/matlab2011b/bin/glnxa64/libmwiqm.so
7faec818c000-7faec838c000 ---p 00191000 00:21 622163                     /nfs/stak/a1/rhel5apps/matlab2011b/bin/glnxa64/libmwiqm.so
7faec838c000-7faec83a8000 rw-p 00191000 00:21 622163                     /nfs/stak/a1/rhel5apps/matlab2011b/bin/glnxa64/libmwiqm.so
7faec83a8000-7faec83ae000 rw-p 00000000 00:00 0 
7faec83ae000-7faec841f000 r-xp 00000000 00:21 621971                     /nfs/stak/a1/rhel5apps/matlab2011b/bin/glnxa64/libboost_serialization.so.1.44.0
7faec841f000-7faec861f000 ---p 00071000 00:21 621971                     /nfs/stak/a1/rhel5apps/matlab2011b/bin/glnxa64/libboost_serialization.so.1.44.0
7faec861f000-7faec8623000 rw-p 00071000 00:21 621971                     /nfs/stak/a1/rhel5apps/matlab2011b/bin/glnxa64/libboost_serialization.so.1.44.0
7faec8623000-7faec8632000 r-xp 00000000 00:21 622312                     /nfs/stak/a1/rhel5apps/matlab2011b/bin/glnxa64/libmwsettings_res.so
7faec8632000-7faec8831000 ---p 0000f000 00:21 622312                     /nfs/stak/a1/rhel5apps/matlab2011b/bin/glnxa64/libmwsettings_res.so
7faec8831000-7faec8832000 rw-p 0000e000 00:21 622312                     /nfs/stak/a1/rhel5apps/matlab2011b/bin/glnxa64/libmwsettings_res.so
7faec8832000-7faec8833000 rw-p 00000000 00:00 0 
7faec8833000-7faec88da000 r-xp 00000000 00:21 622190                     /nfs/stak/a1/rhel5apps/matlab2011b/bin/glnxa64/libmwmathutil.so
7faec88da000-7faec8ad9000 ---p 000a7000 00:21 622190                     /nfs/stak/a1/rhel5apps/matlab2011b/bin/glnxa64/libmwmathutil.so
7faec8ad9000-7faec8ada000 rw-p 000a6000 00:21 622190                     /nfs/stak/a1/rhel5apps/matlab2011b/bin/glnxa64/libmwmathutil.so
7faec8ada000-7faec8da5000 r-xp 00000000 00:21 622204                     /nfs/stak/a1/rhel5apps/matlab2011b/bin/glnxa64/libmwmlutil.so
7faec8da5000-7faec8fa4000 ---p 002cb000 00:21 622204                     /nfs/stak/a1/rhel5apps/matlab2011b/bin/glnxa64/libmwmlutil.so
7faec8fa4000-7faec8fc5000 rw-p 002ca000 00:21 622204                     /nfs/stak/a1/rhel5apps/matlab2011b/bin/glnxa64/libmwmlutil.so
7faec8fc5000-7faec8fd3000 rw-p 00000000 00:00 0 
7faec8fd3000-7faec8fe6000 r-xp 00000000 00:21 621972                     /nfs/stak/a1/rhel5apps/matlab2011b/bin/glnxa64/libboost_signals.so.1.44.0
7faec8fe6000-7faec91e6000 ---p 00013000 00:21 621972                     /nfs/stak/a1/rhel5apps/matlab2011b/bin/glnxa64/libboost_signals.so.1.44.0
7faec91e6000-7faec91e7000 rw-p 00013000 00:21 621972                     /nfs/stak/a1/rhel5apps/matlab2011b/bin/glnxa64/libboost_signals.so.1.44.0
7faec91e7000-7faec91e8000 rw-p 00000000 00:00 0 
7faec91e8000-7faec92f3000 r-xp 00000000 00:21 621970                     /nfs/stak/a1/rhel5apps/matlab2011b/bin/glnxa64/libboost_regex.so.1.44.0
7faec92f3000-7faec94f3000 ---p 0010b000 00:21 621970                     /nfs/stak/a1/rhel5apps/matlab2011b/bin/glnxa64/libboost_regex.so.1.44.0
7faec94f3000-7faec94fa000 rw-p 0010b000 00:21 621970                     /nfs/stak/a1/rhel5apps/matlab2011b/bin/glnxa64/libboost_regex.so.1.44.0
7faec94fa000-7faec951c000 r-xp 00000000 00:21 621960                     /nfs/stak/a1/rhel5apps/matlab2011b/bin/glnxa64/libboost_filesystem.so.1.44.0
7faec951c000-7faec971b000 ---p 00022000 00:21 621960                     /nfs/stak/a1/rhel5apps/matlab2011b/bin/glnxa64/libboost_filesystem.so.1.44.0
7faec971b000-7faec971d000 rw-p 00021000 00:21 621960                     /nfs/stak/a1/rhel5apps/matlab2011b/bin/glnxa64/libboost_filesystem.so.1.44.0
7faec971d000-7faec971e000 rw-p 00000000 00:00 0 
7faec971e000-7faec98fc000 r-xp 00000000 00:21 622044                     /nfs/stak/a1/rhel5apps/matlab2011b/bin/glnxa64/libmwMATLAB_res.so
7faec98fc000-7faec9afb000 ---p 001de000 00:21 622044                     /nfs/stak/a1/rhel5apps/matlab2011b/bin/glnxa64/libmwMATLAB_res.so
7faec9afb000-7faec9afd000 rw-p 001dd000 00:21 622044                     /nfs/stak/a1/rhel5apps/matlab2011b/bin/glnxa64/libmwMATLAB_res.so
7faec9afd000-7faec9b04000 rw-p 00000000 00:00 0 
7faec9b04000-7faec9b06000 r-xp 00000000 00:21 622294                     /nfs/stak/a1/rhel5apps/matlab2011b/bin/glnxa64/libmwresource_core.so
7faec9b06000-7faec9d05000 ---p 00002000 00:21 622294                     /nfs/stak/a1/rhel5apps/matlab2011b/bin/glnxa64/libmwresource_core.so
7faec9d05000-7faec9d06000 rw-p 00001000 00:21 622294                     /nfs/stak/a1/rhel5apps/matlab2011b/bin/glnxa64/libmwresource_core.so
7faec9d06000-7faec9d07000 rw-p 00000000 00:00 0 
7faec9d07000-7faec9d21000 r-xp 00000000 00:21 622542                     /nfs/stak/a1/rhel5apps/matlab2011b/bin/glnxa64/libtbbmalloc.so.2
7faec9d21000-7faec9e20000 ---p 0001a000 00:21 622542                     /nfs/stak/a1/rhel5apps/matlab2011b/bin/glnxa64/libtbbmalloc.so.2
7faec9e20000-7faec9e23000 rw-p 00019000 00:21 622542                     /nfs/stak/a1/rhel5apps/matlab2011b/bin/glnxa64/libtbbmalloc.so.2
7faec9e23000-7faec9e30000 rw-p 00000000 00:00 0 
7faec9e30000-7faec9e6a000 r-xp 00000000 00:21 622541                     /nfs/stak/a1/rhel5apps/matlab2011b/bin/glnxa64/libtbb.so.2
7faec9e6a000-7faec9f6a000 ---p 0003a000 00:21 622541                     /nfs/stak/a1/rhel5apps/matlab2011b/bin/glnxa64/libtbb.so.2
7faec9f6a000-7faec9f6e000 rw-p 0003a000 00:21 622541                     /nfs/stak/a1/rhel5apps/matlab2011b/bin/glnxa64/libtbb.so.2
7faec9f6e000-7faec9f6f000 rw-p 00000000 00:00 0 
7faec9f6f000-7faec9f7a000 r-xp 00000000 00:21 622004                     /nfs/stak/a1/rhel5apps/matlab2011b/bin/glnxa64/libicuio.so.44.2
7faec9f7a000-7faeca179000 ---p 0000b000 00:21 622004                     /nfs/stak/a1/rhel5apps/matlab2011b/bin/glnxa64/libicuio.so.44.2
7faeca179000-7faeca17b000 rw-p 0000a000 00:21 622004                     /nfs/stak/a1/rhel5apps/matlab2011b/bin/glnxa64/libicuio.so.44.2
7faeca17b000-7faeca17c000 rw-p 00000000 00:00 0 
7faeca17c000-7faeca368000 r-xp 00000000 00:21 622003                     /nfs/stak/a1/rhel5apps/matlab2011b/bin/glnxa64/libicui18n.so.44.2
7faeca368000-7faeca568000 ---p 001ec000 00:21 622003                     /nfs/stak/a1/rhel5apps/matlab2011b/bin/glnxa64/libicui18n.so.44.2
7faeca568000-7faeca574000 rw-p 001ec000 00:21 622003                     /nfs/stak/a1/rhel5apps/matlab2011b/bin/glnxa64/libicui18n.so.44.2
7faeca574000-7faeca6c3000 r-xp 00000000 00:21 622005                     /nfs/stak/a1/rhel5apps/matlab2011b/bin/glnxa64/libicuuc.so.44.2
7faeca6c3000-7faeca8c2000 ---p 0014f000 00:21 622005                     /nfs/stak/a1/rhel5apps/matlab2011b/bin/glnxa64/libicuuc.so.44.2
7faeca8c2000-7faeca8d3000 rw-p 0014e000 00:21 622005                     /nfs/stak/a1/rhel5apps/matlab2011b/bin/glnxa64/libicuuc.so.44.2
7faeca8d3000-7faeca8d6000 rw-p 00000000 00:00 0 
7faeca8d6000-7faecb716000 r--p 00000000 00:21 622002                     /nfs/stak/a1/rhel5apps/matlab2011b/bin/glnxa64/libicudata.so.44.2
7faecb716000-7faecb915000 ---p 00e40000 00:21 622002                     /nfs/stak/a1/rhel5apps/matlab2011b/bin/glnxa64/libicudata.so.44.2
7faecb915000-7faecb916000 rw-p 00e3f000 00:21 622002                     /nfs/stak/a1/rhel5apps/matlab2011b/bin/glnxa64/libicudata.so.44.2
7faecb916000-7faecb917000 rw-p 00000000 00:00 0 
7faecb917000-7faecb93d000 r-xp 00000000 00:21 621989                     /nfs/stak/a1/rhel5apps/matlab2011b/bin/glnxa64/libexpat.so.1.5.0
7faecb93d000-7faecbb3c000 ---p 00026000 00:21 621989                     /nfs/stak/a1/rhel5apps/matlab2011b/bin/glnxa64/libexpat.so.1.5.0
7faecbb3c000-7faecbb3f000 rw-p 00025000 00:21 621989                     /nfs/stak/a1/rhel5apps/matlab2011b/bin/glnxa64/libexpat.so.1.5.0
7faecbb3f000-7faecbb54000 r-xp 00000000 00:21 621974                     /nfs/stak/a1/rhel5apps/matlab2011b/bin/glnxa64/libboost_thread.so.1.44.0
7faecbb54000-7faecbd54000 ---p 00015000 00:21 621974                     /nfs/stak/a1/rhel5apps/matlab2011b/bin/glnxa64/libboost_thread.so.1.44.0
7faecbd54000-7faecbd56000 rw-p 00015000 00:21 621974                     /nfs/stak/a1/rhel5apps/matlab2011b/bin/glnxa64/libboost_thread.so.1.44.0
7faecbd56000-7faecbd58000 r-xp 00000000 00:21 621973                     /nfs/stak/a1/rhel5apps/matlab2011b/bin/glnxa64/libboost_system.so.1.44.0
7faecbd58000-7faecbf58000 ---p 00002000 00:21 621973                     /nfs/stak/a1/rhel5apps/matlab2011b/bin/glnxa64/libboost_system.so.1.44.0
7faecbf58000-7faecbf59000 rw-p 00002000 00:21 621973                     /nfs/stak/a1/rhel5apps/matlab2011b/bin/glnxa64/libboost_system.so.1.44.0
7faecbf59000-7faecbf5a000 rw-p 00000000 00:00 0 
7faecbf5a000-7faecbf6b000 r-xp 00000000 00:21 621959                     /nfs/stak/a1/rhel5apps/matlab2011b/bin/glnxa64/libboost_date_time.so.1.44.0
7faecbf6b000-7faecc16a000 ---p 00011000 00:21 621959                     /nfs/stak/a1/rhel5apps/matlab2011b/bin/glnxa64/libboost_date_time.so.1.44.0
7faecc16a000-7faecc16c000 rw-p 00010000 00:21 621959                     /nfs/stak/a1/rhel5apps/matlab2011b/bin/glnxa64/libboost_date_time.so.1.44.0
7faecc16c000-7faecc1d8000 r-xp 00000000 00:21 622157                     /nfs/stak/a1/rhel5apps/matlab2011b/bin/glnxa64/libmwi18n.so
7faecc1d8000-7faecc3d8000 ---p 0006c000 00:21 622157                     /nfs/stak/a1/rhel5apps/matlab2011b/bin/glnxa64/libmwi18n.so
7faecc3d8000-7faecc3dd000 rw-p 0006c000 00:21 622157                     /nfs/stak/a1/rhel5apps/matlab2011b/bin/glnxa64/libmwi18n.so
7faecc3dd000-7faecc3df000 rw-p 00000000 00:00 0 
7faecc3df000-7faecc3f5000 r-xp 00000000 00:21 635105                     /nfs/stak/a1/rhel5apps/matlab2011b/sys/os/glnxa64/libgcc_s.so.1
7faecc3f5000-7faecc5f4000 ---p 00016000 00:21 635105                     /nfs/stak/a1/rhel5apps/matlab2011b/sys/os/glnxa64/libgcc_s.so.1
7faecc5f4000-7faecc5f5000 rw-p 00015000 00:21 635105                     /nfs/stak/a1/rhel5apps/matlab2011b/sys/os/glnxa64/libgcc_s.so.1
7faecc5f5000-7faecc615000 rw-p 00000000 00:00 0 
7faecc615000-7faecc61c000 r--s 00000000 fd:03 396886                     /usr/lib64/gconv/gconv-modules.cache
7faecc61c000-7faecc706000 r-xp 00000000 00:21 635113                     /nfs/stak/a1/rhel5apps/matlab2011b/sys/os/glnxa64/libstdc++.so.6.0.10
7faecc706000-7faecc906000 ---p 000ea000 00:21 635113                     /nfs/stak/a1/rhel5apps/matlab2011b/sys/os/glnxa64/libstdc++.so.6.0.10
7faecc906000-7faecc90d000 r--p 000ea000 00:21 635113                     /nfs/stak/a1/rhel5apps/matlab2011b/sys/os/glnxa64/libstdc++.so.6.0.10
7faecc90d000-7faecc90f000 rw-p 000f1000 00:21 635113                     /nfs/stak/a1/rhel5apps/matlab2011b/sys/os/glnxa64/libstdc++.so.6.0.10
7faecc90f000-7faecc923000 rw-p 00000000 00:00 0 
7faecc923000-7faecce29000 r-xp 00000000 00:21 622173                     /nfs/stak/a1/rhel5apps/matlab2011b/bin/glnxa64/libmwm_interpreter.so
7faecce29000-7faecd029000 ---p 00506000 00:21 622173                     /nfs/stak/a1/rhel5apps/matlab2011b/bin/glnxa64/libmwm_interpreter.so
7faecd029000-7faecd105000 rw-p 00506000 00:21 622173                     /nfs/stak/a1/rhel5apps/matlab2011b/bin/glnxa64/libmwm_interpreter.so
7faecd105000-7faecd1a0000 rw-p 00000000 00:00 0 
7faecd1a0000-7faecd229000 r-xp 00000000 00:21 622172                     /nfs/stak/a1/rhel5apps/matlab2011b/bin/glnxa64/libmwm_dispatcher.so
7faecd229000-7faecd428000 ---p 00089000 00:21 622172                     /nfs/stak/a1/rhel5apps/matlab2011b/bin/glnxa64/libmwm_dispatcher.so
7faecd428000-7faecd42f000 rw-p 00088000 00:21 622172                     /nfs/stak/a1/rhel5apps/matlab2011b/bin/glnxa64/libmwm_dispatcher.so
7faecd42f000-7faecd4ba000 r-xp 00000000 00:21 622199                     /nfs/stak/a1/rhel5apps/matlab2011b/bin/glnxa64/libmwmcr.so
7faecd4ba000-7faecd6ba000 ---p 0008b000 00:21 622199                     /nfs/stak/a1/rhel5apps/matlab2011b/bin/glnxa64/libmwmcr.so
7faecd6ba000-7faecd6c2000 rw-p 0008b000 00:21 622199                     /nfs/stak/a1/rhel5apps/matlab2011b/bin/glnxa64/libmwmcr.so
7faecd6c2000-7faecd6c5000 rw-p 00000000 00:00 0 
7faecd6c5000-7faecd6f0000 r-xp 00000000 00:21 622072                     /nfs/stak/a1/rhel5apps/matlab2011b/bin/glnxa64/libmwbridge.so
7faecd6f0000-7faecd8ef000 ---p 0002b000 00:21 622072                     /nfs/stak/a1/rhel5apps/matlab2011b/bin/glnxa64/libmwbridge.so
7faecd8ef000-7faecd8f2000 rw-p 0002a000 00:21 622072                     /nfs/stak/a1/rhel5apps/matlab2011b/bin/glnxa64/libmwbridge.so
7faecd8f2000-7faecd8f9000 rw-p 00000000 00:00 0 
7faecd8f9000-7faecd967000 r-xp 00000000 00:21 622166                     /nfs/stak/a1/rhel5apps/matlab2011b/bin/glnxa64/libmwjmi.so
7faecd967000-7faecdb67000 ---p 0006e000 00:21 622166                     /nfs/stak/a1/rhel5apps/matlab2011b/bin/glnxa64/libmwjmi.so
7faecdb67000-7faecdb6c000 rw-p 0006e000 00:21 622166                     /nfs/stak/a1/rhel5apps/matlab2011b/bin/glnxa64/libmwjmi.so
7faecdb6c000-7faecdb6d000 rw-p 00000000 00:00 0 
7faecdb6d000-7faecdd62000 r-xp 00000000 00:21 622310                     /nfs/stak/a1/rhel5apps/matlab2011b/bin/glnxa64/libmwservices.so
7faecdd62000-7faecdf62000 ---p 001f5000 00:21 622310                     /nfs/stak/a1/rhel5apps/matlab2011b/bin/glnxa64/libmwservices.so
7faecdf62000-7faecdf75000 rw-p 001f5000 00:21 622310                     /nfs/stak/a1/rhel5apps/matlab2011b/bin/glnxa64/libmwservices.so
7faecdf75000-7faecdf84000 rw-p 00000000 00:00 0 
7faecdf84000-7faecdfbd000 r-xp 00000000 00:21 622210                     /nfs/stak/a1/rhel5apps/matlab2011b/bin/glnxa64/libmwmpath.so
7faecdfbd000-7faece1bd000 ---p 00039000 00:21 622210                     /nfs/stak/a1/rhel5apps/matlab2011b/bin/glnxa64/libmwmpath.so
7faece1bd000-7faece1c0000 rw-p 00039000 00:21 622210                     /nfs/stak/a1/rhel5apps/matlab2011b/bin/glnxa64/libmwmpath.so
7faece1c0000-7faece1c2000 rw-p 00000000 00:00 0 
7faece1c2000-7faece25f000 r-xp 00000000 00:21 622495                     /nfs/stak/a1/rhel5apps/matlab2011b/bin/glnxa64/libmx.so
7faece25f000-7faece45f000 ---p 0009d000 00:21 622495                     /nfs/stak/a1/rhel5apps/matlab2011b/bin/glnxa64/libmx.so
7faece45f000-7faece463000 rw-p 0009d000 00:21 622495                     /nfs/stak/a1/rhel5apps/matlab2011b/bin/glnxa64/libmx.so
7faece463000-7faece51a000 r-xp 00000000 00:21 622128                     /nfs/stak/a1/rhel5apps/matlab2011b/bin/glnxa64/libmwfl.so
7faece51a000-7faece719000 ---p 000b7000 00:21 622128                     /nfs/stak/a1/rhel5apps/matlab2011b/bin/glnxa64/libmwfl.so
7faece719000-7faece722000 rw-p 000b6000 00:21 622128                     /nfs/stak/a1/rhel5apps/matlab2011b/bin/glnxa64/libmwfl.so
7faece722000-7faece732000 rw-p 00000000 00:00 0 
7faece732000-7faece80a000 r-xp 00000000 00:21 622545                     /nfs/stak/a1/rhel5apps/matlab2011b/bin/glnxa64/libut.so
7faece80a000-7faecea09000 ---p 000d8000 00:21 622545                     /nfs/stak/a1/rhel5apps/matlab2011b/bin/glnxa64/libut.so
7faecea09000-7faecea15000 rw-p 000d7000 00:21 622545                     /nfs/stak/a1/rhel5apps/matlab2011b/bin/glnxa64/libut.so
7faecea15000-7faecea2c000 rw-p 00000000 00:00 0 
7ffff4f83000-7ffff4f97000 rwxp 00000000 00:00 0                          [stack]
7ffff4f97000-7ffff4f98000 rw-p 00000000 00:00 0 
7ffff4fff000-7ffff5000000 r-xp 00000000 00:00 0                          [vdso]
ffffffffff600000-ffffffffff601000 r-xp 00000000 00:00 0                  [vsyscall]

VM Arguments:
jvm_args: -Xms64m -XX:NewRatio=3 -XX:MaxPermSize=128m -Xmx196m -XX:MaxDirectMemorySize=2147400000 -Djava.util.prefs.PreferencesFactory=com.mathworks.util.DisabledPreferencesFactory -XX:+AllowUserSignalHandlers -Xrs -Dsun.awt.disableMixing=true -Djava.library.path=/nfs/stak/a1/rhel5apps/matlab2011b/bin/glnxa64 vfprintf abort -Djava.awt.headless=true -Dfile.encoding=UTF-8 
java_command: <unknown>
Launcher Type: generic

Environment Variables:
PATH=/usr/lib64/qt-3.3/bin:/usr/local/bin:/bin:/usr/bin:/usr/local/sbin:/usr/sbin:/sbin:/sbin/:/usr/local/apps/bin/
LD_LIBRARY_PATH=/nfs/stak/a1/rhel5apps/matlab2011b/sys/os/glnxa64:/nfs/stak/a1/rhel5apps/matlab2011b/bin/glnxa64:/nfs/stak/a1/rhel5apps/matlab2011b/extern/lib/glnxa64:/nfs/stak/a1/rhel5apps/matlab2011b/runtime/glnxa64:/nfs/stak/a1/rhel5apps/matlab2011b/sys/java/jre/glnxa64/jre/lib/amd64/native_threads:/nfs/stak/a1/rhel5apps/matlab2011b/sys/java/jre/glnxa64/jre/lib/amd64/server:/nfs/stak/a1/rhel5apps/matlab2011b/sys/java/jre/glnxa64/jre/lib/amd64
SHELL=/bin/bash
DISPLAY=
ARCH=glnxa64

Signal Handlers:
SIGSEGV: [libjvm.so+0x6bddc0], sa_mask[0]=0x7ffbfeff, sa_flags=0x10000004
SIGBUS: [libjvm.so+0x6bddc0], sa_mask[0]=0x7ffbfeff, sa_flags=0x10000004
SIGFPE: [libjvm.so+0x594f90], sa_mask[0]=0x7ffbfeff, sa_flags=0x10000004
SIGPIPE: [libjvm.so+0x594f90], sa_mask[0]=0x7ffbfeff, sa_flags=0x10000004
SIGXFSZ: [libjvm.so+0x594f90], sa_mask[0]=0x7ffbfeff, sa_flags=0x10000004
SIGILL: [libjvm.so+0x594f90], sa_mask[0]=0x7ffbfeff, sa_flags=0x10000004
SIGUSR1: SIG_DFL, sa_mask[0]=0x00000000, sa_flags=0x00000000
SIGUSR2: [libjvm.so+0x597750], sa_mask[0]=0x08080002, sa_flags=0x10000004
SIGHUP: SIG_DFL, sa_mask[0]=0x00000000, sa_flags=0x00000000
SIGINT: SIG_DFL, sa_mask[0]=0x00000000, sa_flags=0x00000000
SIGTERM: SIG_DFL, sa_mask[0]=0x00000000, sa_flags=0x00000000
SIGQUIT: [libmwmcr.so+0x6ca50], sa_mask[0]=0x08080002, sa_flags=0x00000004


---------------  S Y S T E M  ---------------

OS:Red Hat Enterprise Linux Workstation release 6.3 (Santiago)

uname:Linux 2.6.32-279.el6.x86_64 #1 SMP Wed Jun 13 18:24:36 EDT 2012 x86_64
libc:glibc 2.12 NPTL 2.12 
rlimit: STACK 10240k, CORE 0k, NPROC 50, NOFILE 4096, AS infinity
load average:2.44 1.31 0.66

CPU:total 8 (4 cores per cpu, 1 threads per core) family 6 model 23 stepping 6, cmov, cx8, fxsr, mmx, sse, sse2, sse3, ssse3, sse4.1

Memory: 4k page, physical 32874224k(6117468k free), swap 13402104k(13097420k free)

vm_info: Java HotSpot(TM) 64-Bit Server VM (14.3-b01) for linux-amd64 JRE (1.6.0_17-b04), built on Oct 11 2009 01:08:48 by "java_re" with gcc 3.2.2 (SuSE Linux)

time: Wed Nov  7 16:09:30 2012
elapsed time: 0 seconds

